<?xml version="1.0" encoding="UTF-8"?>
<testsuites name="TestSuite_CURA_MakeAppointment_005" time="639.629" tests="50" failures="0" errors="0">
   <testsuite name="TestSuite_CURA_MakeAppointment_005" tests="50" failures="0" errors="0" time="639.629" skipped="0" timestamp="13-02-2024T22:09:33" hostname="DELL - DESKTOP-M964U7P" id="Test Suites/TestSuite_CURA_MakeAppointment_005">
      <properties>
         <property name="deviceName" value=""/>
         <property name="devicePlatform" value=""/>
         <property name="logFolder" value="C:\\Users\\DELL\\Katalon Studio\\Software_Test_Automation_CURA\\Reports\\20240213_220924\\TestSuite_CURA_MakeAppointment_005\\20240213_220924"/>
         <property name="logFiles" value="C:\\Users\\DELL\\Katalon Studio\\Software_Test_Automation_CURA\\Reports\\20240213_220924\\TestSuite_CURA_MakeAppointment_005\\20240213_220924\\execution0.log"/>
         <property name="attachments" value=""/>
         <property name="hostName" value="DELL - DESKTOP-M964U7P"/>
         <property name="os" value="Windows 10 64bit"/>
         <property name="katalonVersion" value="9.2.0.212"/>
         <property name="browser" value="Chrome 121.0.0.0"/>
         <property name="hostAddress" value="192.168.55.101"/>
         <property name="sessionId" value="fe2655d7357f9276a0943d849272234f"/>
         <property name="seleniumVersion" value="3.141.59"/>
         <property name="proxyInformation" value="ProxyInformation { proxyOption=NO_PROXY, proxyServerType=HTTP, username=, password=********, proxyServerAddress=, proxyServerPort=0, executionList=&quot;&quot;, isApplyToDesiredCapabilities=true }"/>
         <property name="platform" value="Windows 10"/>
      </properties>
      <testcase name="Test Cases/TC_CURA_MakeAppointment_005" time="10.487" classname="Test Cases/TC_CURA_MakeAppointment_005" status="PASSED">
         <system-out><![CDATA[13-02-2024T22:09:42 - [TEST_CASE][PASSED] - Test Cases/TC_CURA_MakeAppointment_005: Test Cases/TC_CURA_MakeAppointment_005

13-02-2024T22:09:42 - [TEST_STEP][PASSED] - Start listener action : sampleBeforeTestCase: Object: 'Object Repository/CURA_OR/Page_CURA Healthcare Service/button_Login' is clicked on

13-02-2024T22:09:42 - [TEST_STEP][PASSED] - println("Before Test Case -- Logging in"): null

13-02-2024T22:09:42 - [TEST_STEP][PASSED] - click(findTestObject("Object Repository/CURA_OR/Page_CURA Healthcare Service/amenu-toggle")): Object: 'Object Repository/CURA_OR/Page_CURA Healthcare Service/amenu-toggle' is clicked on

13-02-2024T22:09:43 - [MESSAGE][PASSED] - Object: 'Object Repository/CURA_OR/Page_CURA Healthcare Service/amenu-toggle' is clicked on

13-02-2024T22:09:43 - [TEST_STEP][PASSED] - click(findTestObject("Object Repository/CURA_OR/Page_CURA Healthcare Service/a_Login")): Object: 'Object Repository/CURA_OR/Page_CURA Healthcare Service/a_Login' is clicked on

13-02-2024T22:09:44 - [MESSAGE][PASSED] - Object: 'Object Repository/CURA_OR/Page_CURA Healthcare Service/a_Login' is clicked on

13-02-2024T22:09:44 - [TEST_STEP][PASSED] - setText(findTestObject("Object Repository/CURA_OR/Page_CURA Healthcare Service/input_username"), username): Text 'John Doe' is set on object 'Object Repository/CURA_OR/Page_CURA Healthcare Service/input_username'

13-02-2024T22:09:45 - [MESSAGE][PASSED] - Text 'John Doe' is set on object 'Object Repository/CURA_OR/Page_CURA Healthcare Service/input_username'

13-02-2024T22:09:45 - [TEST_STEP][PASSED] - setText(findTestObject("CURA_OR/Page_CURA Healthcare Service/input_password"), password): Text 'ThisIsNotAPassword' is set on object 'Object Repository/CURA_OR/Page_CURA Healthcare Service/input_password'

13-02-2024T22:09:46 - [MESSAGE][PASSED] - Text 'ThisIsNotAPassword' is set on object 'Object Repository/CURA_OR/Page_CURA Healthcare Service/input_password'

13-02-2024T22:09:46 - [TEST_STEP][PASSED] - click(findTestObject("Object Repository/CURA_OR/Page_CURA Healthcare Service/button_Login")): Object: 'Object Repository/CURA_OR/Page_CURA Healthcare Service/button_Login' is clicked on

13-02-2024T22:09:48 - [MESSAGE][PASSED] - Object: 'Object Repository/CURA_OR/Page_CURA Healthcare Service/button_Login' is clicked on

13-02-2024T22:09:48 - [TEST_STEP][PASSED] - click(findTestObject("Object Repository/CURA_OR/Page_CURA Healthcare Service/div_input-group-addon")): Object: 'Object Repository/CURA_OR/Page_CURA Healthcare Service/div_input-group-addon' is clicked on

13-02-2024T22:09:49 - [MESSAGE][PASSED] - Object: 'Object Repository/CURA_OR/Page_CURA Healthcare Service/div_input-group-addon' is clicked on

13-02-2024T22:09:49 - [TEST_STEP][PASSED] - click(findTestObject("Object Repository/CURA_OR/Page_CURA Healthcare Service/th_February 2024")): Object: 'Object Repository/CURA_OR/Page_CURA Healthcare Service/th_February 2024' is clicked on

13-02-2024T22:09:49 - [MESSAGE][PASSED] - Object: 'Object Repository/CURA_OR/Page_CURA Healthcare Service/th_February 2024' is clicked on

13-02-2024T22:09:49 - [TEST_STEP][PASSED] - click(findTestObject("Object Repository/CURA_OR/Page_CURA Healthcare Service/th_2024")): Object: 'Object Repository/CURA_OR/Page_CURA Healthcare Service/th_2024' is clicked on

13-02-2024T22:09:49 - [MESSAGE][PASSED] - Object: 'Object Repository/CURA_OR/Page_CURA Healthcare Service/th_2024' is clicked on

13-02-2024T22:09:49 - [TEST_STEP][PASSED] - com.qa.test.custom_keyword.validateAppointmentDate(date, month, year): com.qa.test.custom_keyword.validateAppointmentDate is PASSED

13-02-2024T22:09:50 - [MESSAGE][PASSED] - Object: 'Object Repository/CURA_OR/Page_CURA Healthcare Service/yearObject' is clicked on

13-02-2024T22:09:51 - [MESSAGE][PASSED] - Object: 'Object Repository/CURA_OR/Page_CURA Healthcare Service/monthObject' is clicked on

13-02-2024T22:09:51 - [MESSAGE][WARNING] - Timeout '0' is invalid. Using default page load timeout: '30'

13-02-2024T22:09:51 - [MESSAGE][PASSED] - Web element with id: 'Object Repository/CURA_OR/Page_CURA Healthcare Service/dateObject' located by 'By.xpath: //*[(text() = '0' or . = '0')]' is not present after '30' second(s)

13-02-2024T22:09:51 - [MESSAGE][PASSED] - com.qa.test.custom_keyword.validateAppointmentDate is PASSED

13-02-2024T22:09:51 - [TEST_STEP][PASSED] - Start listener action : sampleAfterTestCase: Object: 'Object Repository/CURA_OR/Page_CURA Healthcare Service/a_Logout' is clicked on

13-02-2024T22:09:51 - [TEST_STEP][PASSED] - println("After Test Case -- Logging out"): null

13-02-2024T22:09:51 - [TEST_STEP][PASSED] - click(findTestObject("Object Repository/CURA_OR/Page_CURA Healthcare Service/amenu-toggle")): Object: 'Object Repository/CURA_OR/Page_CURA Healthcare Service/amenu-toggle' is clicked on

13-02-2024T22:09:52 - [MESSAGE][PASSED] - Object: 'Object Repository/CURA_OR/Page_CURA Healthcare Service/amenu-toggle' is clicked on

13-02-2024T22:09:52 - [TEST_STEP][PASSED] - click(findTestObject("Object Repository/CURA_OR/Page_CURA Healthcare Service/a_Logout")): Object: 'Object Repository/CURA_OR/Page_CURA Healthcare Service/a_Logout' is clicked on

13-02-2024T22:09:53 - [MESSAGE][PASSED] - Object: 'Object Repository/CURA_OR/Page_CURA Healthcare Service/a_Logout' is clicked on]]></system-out>
         <system-err><![CDATA[]]></system-err>
      </testcase>
      <testcase name="Test Cases/TC_CURA_MakeAppointment_005" time="13.518" classname="Test Cases/TC_CURA_MakeAppointment_005" status="PASSED">
         <system-out><![CDATA[13-02-2024T22:09:53 - [TEST_CASE][PASSED] - Test Cases/TC_CURA_MakeAppointment_005: Test Cases/TC_CURA_MakeAppointment_005

13-02-2024T22:09:53 - [TEST_STEP][PASSED] - Start listener action : sampleBeforeTestCase: Object: 'Object Repository/CURA_OR/Page_CURA Healthcare Service/button_Login' is clicked on

13-02-2024T22:09:53 - [TEST_STEP][PASSED] - println("Before Test Case -- Logging in"): null

13-02-2024T22:09:53 - [TEST_STEP][PASSED] - click(findTestObject("Object Repository/CURA_OR/Page_CURA Healthcare Service/amenu-toggle")): Object: 'Object Repository/CURA_OR/Page_CURA Healthcare Service/amenu-toggle' is clicked on

13-02-2024T22:09:54 - [MESSAGE][PASSED] - Object: 'Object Repository/CURA_OR/Page_CURA Healthcare Service/amenu-toggle' is clicked on

13-02-2024T22:09:54 - [TEST_STEP][PASSED] - click(findTestObject("Object Repository/CURA_OR/Page_CURA Healthcare Service/a_Login")): Object: 'Object Repository/CURA_OR/Page_CURA Healthcare Service/a_Login' is clicked on

13-02-2024T22:09:56 - [MESSAGE][PASSED] - Object: 'Object Repository/CURA_OR/Page_CURA Healthcare Service/a_Login' is clicked on

13-02-2024T22:09:56 - [TEST_STEP][PASSED] - setText(findTestObject("Object Repository/CURA_OR/Page_CURA Healthcare Service/input_username"), username): Text 'John Doe' is set on object 'Object Repository/CURA_OR/Page_CURA Healthcare Service/input_username'

13-02-2024T22:09:57 - [MESSAGE][PASSED] - Text 'John Doe' is set on object 'Object Repository/CURA_OR/Page_CURA Healthcare Service/input_username'

13-02-2024T22:09:57 - [TEST_STEP][PASSED] - setText(findTestObject("CURA_OR/Page_CURA Healthcare Service/input_password"), password): Text 'ThisIsNotAPassword' is set on object 'Object Repository/CURA_OR/Page_CURA Healthcare Service/input_password'

13-02-2024T22:09:58 - [MESSAGE][PASSED] - Text 'ThisIsNotAPassword' is set on object 'Object Repository/CURA_OR/Page_CURA Healthcare Service/input_password'

13-02-2024T22:09:58 - [TEST_STEP][PASSED] - click(findTestObject("Object Repository/CURA_OR/Page_CURA Healthcare Service/button_Login")): Object: 'Object Repository/CURA_OR/Page_CURA Healthcare Service/button_Login' is clicked on

13-02-2024T22:10:02 - [MESSAGE][PASSED] - Object: 'Object Repository/CURA_OR/Page_CURA Healthcare Service/button_Login' is clicked on

13-02-2024T22:10:02 - [TEST_STEP][PASSED] - click(findTestObject("Object Repository/CURA_OR/Page_CURA Healthcare Service/div_input-group-addon")): Object: 'Object Repository/CURA_OR/Page_CURA Healthcare Service/div_input-group-addon' is clicked on

13-02-2024T22:10:02 - [MESSAGE][PASSED] - Object: 'Object Repository/CURA_OR/Page_CURA Healthcare Service/div_input-group-addon' is clicked on

13-02-2024T22:10:02 - [TEST_STEP][PASSED] - click(findTestObject("Object Repository/CURA_OR/Page_CURA Healthcare Service/th_February 2024")): Object: 'Object Repository/CURA_OR/Page_CURA Healthcare Service/th_February 2024' is clicked on

13-02-2024T22:10:03 - [MESSAGE][PASSED] - Object: 'Object Repository/CURA_OR/Page_CURA Healthcare Service/th_February 2024' is clicked on

13-02-2024T22:10:03 - [TEST_STEP][PASSED] - click(findTestObject("Object Repository/CURA_OR/Page_CURA Healthcare Service/th_2024")): Object: 'Object Repository/CURA_OR/Page_CURA Healthcare Service/th_2024' is clicked on

13-02-2024T22:10:03 - [MESSAGE][PASSED] - Object: 'Object Repository/CURA_OR/Page_CURA Healthcare Service/th_2024' is clicked on

13-02-2024T22:10:03 - [TEST_STEP][PASSED] - com.qa.test.custom_keyword.validateAppointmentDate(date, month, year): com.qa.test.custom_keyword.validateAppointmentDate is PASSED

13-02-2024T22:10:04 - [MESSAGE][PASSED] - Object: 'Object Repository/CURA_OR/Page_CURA Healthcare Service/yearObject' is clicked on

13-02-2024T22:10:04 - [MESSAGE][PASSED] - Object: 'Object Repository/CURA_OR/Page_CURA Healthcare Service/monthObject' is clicked on

13-02-2024T22:10:04 - [MESSAGE][WARNING] - Timeout '0' is invalid. Using default page load timeout: '30'

13-02-2024T22:10:05 - [MESSAGE][PASSED] - Web element with id: 'Object Repository/CURA_OR/Page_CURA Healthcare Service/dateObject' located by 'By.xpath: //*[(text() = '0' or . = '0')]' is not present after '30' second(s)

13-02-2024T22:10:05 - [MESSAGE][PASSED] - com.qa.test.custom_keyword.validateAppointmentDate is PASSED

13-02-2024T22:10:05 - [TEST_STEP][PASSED] - Start listener action : sampleAfterTestCase: Object: 'Object Repository/CURA_OR/Page_CURA Healthcare Service/a_Logout' is clicked on

13-02-2024T22:10:05 - [TEST_STEP][PASSED] - println("After Test Case -- Logging out"): null

13-02-2024T22:10:05 - [TEST_STEP][PASSED] - click(findTestObject("Object Repository/CURA_OR/Page_CURA Healthcare Service/amenu-toggle")): Object: 'Object Repository/CURA_OR/Page_CURA Healthcare Service/amenu-toggle' is clicked on

13-02-2024T22:10:05 - [MESSAGE][PASSED] - Object: 'Object Repository/CURA_OR/Page_CURA Healthcare Service/amenu-toggle' is clicked on

13-02-2024T22:10:05 - [TEST_STEP][PASSED] - click(findTestObject("Object Repository/CURA_OR/Page_CURA Healthcare Service/a_Logout")): Object: 'Object Repository/CURA_OR/Page_CURA Healthcare Service/a_Logout' is clicked on

13-02-2024T22:10:06 - [MESSAGE][PASSED] - Object: 'Object Repository/CURA_OR/Page_CURA Healthcare Service/a_Logout' is clicked on]]></system-out>
         <system-err><![CDATA[]]></system-err>
      </testcase>
      <testcase name="Test Cases/TC_CURA_MakeAppointment_005" time="10.44" classname="Test Cases/TC_CURA_MakeAppointment_005" status="PASSED">
         <system-out><![CDATA[13-02-2024T22:10:07 - [TEST_CASE][PASSED] - Test Cases/TC_CURA_MakeAppointment_005: Test Cases/TC_CURA_MakeAppointment_005

13-02-2024T22:10:07 - [TEST_STEP][PASSED] - Start listener action : sampleBeforeTestCase: Object: 'Object Repository/CURA_OR/Page_CURA Healthcare Service/button_Login' is clicked on

13-02-2024T22:10:07 - [TEST_STEP][PASSED] - println("Before Test Case -- Logging in"): null

13-02-2024T22:10:07 - [TEST_STEP][PASSED] - click(findTestObject("Object Repository/CURA_OR/Page_CURA Healthcare Service/amenu-toggle")): Object: 'Object Repository/CURA_OR/Page_CURA Healthcare Service/amenu-toggle' is clicked on

13-02-2024T22:10:07 - [MESSAGE][PASSED] - Object: 'Object Repository/CURA_OR/Page_CURA Healthcare Service/amenu-toggle' is clicked on

13-02-2024T22:10:07 - [TEST_STEP][PASSED] - click(findTestObject("Object Repository/CURA_OR/Page_CURA Healthcare Service/a_Login")): Object: 'Object Repository/CURA_OR/Page_CURA Healthcare Service/a_Login' is clicked on

13-02-2024T22:10:08 - [MESSAGE][PASSED] - Object: 'Object Repository/CURA_OR/Page_CURA Healthcare Service/a_Login' is clicked on

13-02-2024T22:10:08 - [TEST_STEP][PASSED] - setText(findTestObject("Object Repository/CURA_OR/Page_CURA Healthcare Service/input_username"), username): Text 'John Doe' is set on object 'Object Repository/CURA_OR/Page_CURA Healthcare Service/input_username'

13-02-2024T22:10:09 - [MESSAGE][PASSED] - Text 'John Doe' is set on object 'Object Repository/CURA_OR/Page_CURA Healthcare Service/input_username'

13-02-2024T22:10:09 - [TEST_STEP][PASSED] - setText(findTestObject("CURA_OR/Page_CURA Healthcare Service/input_password"), password): Text 'ThisIsNotAPassword' is set on object 'Object Repository/CURA_OR/Page_CURA Healthcare Service/input_password'

13-02-2024T22:10:10 - [MESSAGE][PASSED] - Text 'ThisIsNotAPassword' is set on object 'Object Repository/CURA_OR/Page_CURA Healthcare Service/input_password'

13-02-2024T22:10:10 - [TEST_STEP][PASSED] - click(findTestObject("Object Repository/CURA_OR/Page_CURA Healthcare Service/button_Login")): Object: 'Object Repository/CURA_OR/Page_CURA Healthcare Service/button_Login' is clicked on

13-02-2024T22:10:11 - [MESSAGE][PASSED] - Object: 'Object Repository/CURA_OR/Page_CURA Healthcare Service/button_Login' is clicked on

13-02-2024T22:10:11 - [TEST_STEP][PASSED] - click(findTestObject("Object Repository/CURA_OR/Page_CURA Healthcare Service/div_input-group-addon")): Object: 'Object Repository/CURA_OR/Page_CURA Healthcare Service/div_input-group-addon' is clicked on

13-02-2024T22:10:12 - [MESSAGE][PASSED] - Object: 'Object Repository/CURA_OR/Page_CURA Healthcare Service/div_input-group-addon' is clicked on

13-02-2024T22:10:12 - [TEST_STEP][PASSED] - click(findTestObject("Object Repository/CURA_OR/Page_CURA Healthcare Service/th_February 2024")): Object: 'Object Repository/CURA_OR/Page_CURA Healthcare Service/th_February 2024' is clicked on

13-02-2024T22:10:12 - [MESSAGE][PASSED] - Object: 'Object Repository/CURA_OR/Page_CURA Healthcare Service/th_February 2024' is clicked on

13-02-2024T22:10:12 - [TEST_STEP][PASSED] - click(findTestObject("Object Repository/CURA_OR/Page_CURA Healthcare Service/th_2024")): Object: 'Object Repository/CURA_OR/Page_CURA Healthcare Service/th_2024' is clicked on

13-02-2024T22:10:13 - [MESSAGE][PASSED] - Object: 'Object Repository/CURA_OR/Page_CURA Healthcare Service/th_2024' is clicked on

13-02-2024T22:10:13 - [TEST_STEP][PASSED] - com.qa.test.custom_keyword.validateAppointmentDate(date, month, year): com.qa.test.custom_keyword.validateAppointmentDate is PASSED

13-02-2024T22:10:13 - [MESSAGE][PASSED] - Object: 'Object Repository/CURA_OR/Page_CURA Healthcare Service/yearObject' is clicked on

13-02-2024T22:10:14 - [MESSAGE][PASSED] - Object: 'Object Repository/CURA_OR/Page_CURA Healthcare Service/monthObject' is clicked on

13-02-2024T22:10:14 - [MESSAGE][WARNING] - Timeout '0' is invalid. Using default page load timeout: '30'

13-02-2024T22:10:14 - [MESSAGE][PASSED] - Web element with id: 'Object Repository/CURA_OR/Page_CURA Healthcare Service/dateObject' located by 'By.xpath: //*[(text() = '0' or . = '0')]' is not present after '30' second(s)

13-02-2024T22:10:14 - [MESSAGE][PASSED] - com.qa.test.custom_keyword.validateAppointmentDate is PASSED

13-02-2024T22:10:14 - [TEST_STEP][PASSED] - Start listener action : sampleAfterTestCase: Object: 'Object Repository/CURA_OR/Page_CURA Healthcare Service/a_Logout' is clicked on

13-02-2024T22:10:14 - [TEST_STEP][PASSED] - println("After Test Case -- Logging out"): null

13-02-2024T22:10:14 - [TEST_STEP][PASSED] - click(findTestObject("Object Repository/CURA_OR/Page_CURA Healthcare Service/amenu-toggle")): Object: 'Object Repository/CURA_OR/Page_CURA Healthcare Service/amenu-toggle' is clicked on

13-02-2024T22:10:15 - [MESSAGE][PASSED] - Object: 'Object Repository/CURA_OR/Page_CURA Healthcare Service/amenu-toggle' is clicked on

13-02-2024T22:10:15 - [TEST_STEP][PASSED] - click(findTestObject("Object Repository/CURA_OR/Page_CURA Healthcare Service/a_Logout")): Object: 'Object Repository/CURA_OR/Page_CURA Healthcare Service/a_Logout' is clicked on

13-02-2024T22:10:17 - [MESSAGE][PASSED] - Object: 'Object Repository/CURA_OR/Page_CURA Healthcare Service/a_Logout' is clicked on]]></system-out>
         <system-err><![CDATA[]]></system-err>
      </testcase>
      <testcase name="Test Cases/TC_CURA_MakeAppointment_005" time="10.626" classname="Test Cases/TC_CURA_MakeAppointment_005" status="PASSED">
         <system-out><![CDATA[13-02-2024T22:10:17 - [TEST_CASE][PASSED] - Test Cases/TC_CURA_MakeAppointment_005: Test Cases/TC_CURA_MakeAppointment_005

13-02-2024T22:10:17 - [TEST_STEP][PASSED] - Start listener action : sampleBeforeTestCase: Object: 'Object Repository/CURA_OR/Page_CURA Healthcare Service/button_Login' is clicked on

13-02-2024T22:10:17 - [TEST_STEP][PASSED] - println("Before Test Case -- Logging in"): null

13-02-2024T22:10:17 - [TEST_STEP][PASSED] - click(findTestObject("Object Repository/CURA_OR/Page_CURA Healthcare Service/amenu-toggle")): Object: 'Object Repository/CURA_OR/Page_CURA Healthcare Service/amenu-toggle' is clicked on

13-02-2024T22:10:18 - [MESSAGE][PASSED] - Object: 'Object Repository/CURA_OR/Page_CURA Healthcare Service/amenu-toggle' is clicked on

13-02-2024T22:10:18 - [TEST_STEP][PASSED] - click(findTestObject("Object Repository/CURA_OR/Page_CURA Healthcare Service/a_Login")): Object: 'Object Repository/CURA_OR/Page_CURA Healthcare Service/a_Login' is clicked on

13-02-2024T22:10:19 - [MESSAGE][PASSED] - Object: 'Object Repository/CURA_OR/Page_CURA Healthcare Service/a_Login' is clicked on

13-02-2024T22:10:19 - [TEST_STEP][PASSED] - setText(findTestObject("Object Repository/CURA_OR/Page_CURA Healthcare Service/input_username"), username): Text 'John Doe' is set on object 'Object Repository/CURA_OR/Page_CURA Healthcare Service/input_username'

13-02-2024T22:10:20 - [MESSAGE][PASSED] - Text 'John Doe' is set on object 'Object Repository/CURA_OR/Page_CURA Healthcare Service/input_username'

13-02-2024T22:10:20 - [TEST_STEP][PASSED] - setText(findTestObject("CURA_OR/Page_CURA Healthcare Service/input_password"), password): Text 'ThisIsNotAPassword' is set on object 'Object Repository/CURA_OR/Page_CURA Healthcare Service/input_password'

13-02-2024T22:10:21 - [MESSAGE][PASSED] - Text 'ThisIsNotAPassword' is set on object 'Object Repository/CURA_OR/Page_CURA Healthcare Service/input_password'

13-02-2024T22:10:21 - [TEST_STEP][PASSED] - click(findTestObject("Object Repository/CURA_OR/Page_CURA Healthcare Service/button_Login")): Object: 'Object Repository/CURA_OR/Page_CURA Healthcare Service/button_Login' is clicked on

13-02-2024T22:10:23 - [MESSAGE][PASSED] - Object: 'Object Repository/CURA_OR/Page_CURA Healthcare Service/button_Login' is clicked on

13-02-2024T22:10:23 - [TEST_STEP][PASSED] - click(findTestObject("Object Repository/CURA_OR/Page_CURA Healthcare Service/div_input-group-addon")): Object: 'Object Repository/CURA_OR/Page_CURA Healthcare Service/div_input-group-addon' is clicked on

13-02-2024T22:10:23 - [MESSAGE][PASSED] - Object: 'Object Repository/CURA_OR/Page_CURA Healthcare Service/div_input-group-addon' is clicked on

13-02-2024T22:10:23 - [TEST_STEP][PASSED] - click(findTestObject("Object Repository/CURA_OR/Page_CURA Healthcare Service/th_February 2024")): Object: 'Object Repository/CURA_OR/Page_CURA Healthcare Service/th_February 2024' is clicked on

13-02-2024T22:10:24 - [MESSAGE][PASSED] - Object: 'Object Repository/CURA_OR/Page_CURA Healthcare Service/th_February 2024' is clicked on

13-02-2024T22:10:24 - [TEST_STEP][PASSED] - click(findTestObject("Object Repository/CURA_OR/Page_CURA Healthcare Service/th_2024")): Object: 'Object Repository/CURA_OR/Page_CURA Healthcare Service/th_2024' is clicked on

13-02-2024T22:10:24 - [MESSAGE][PASSED] - Object: 'Object Repository/CURA_OR/Page_CURA Healthcare Service/th_2024' is clicked on

13-02-2024T22:10:24 - [TEST_STEP][PASSED] - com.qa.test.custom_keyword.validateAppointmentDate(date, month, year): com.qa.test.custom_keyword.validateAppointmentDate is PASSED

13-02-2024T22:10:25 - [MESSAGE][PASSED] - Object: 'Object Repository/CURA_OR/Page_CURA Healthcare Service/yearObject' is clicked on

13-02-2024T22:10:25 - [MESSAGE][PASSED] - Object: 'Object Repository/CURA_OR/Page_CURA Healthcare Service/monthObject' is clicked on

13-02-2024T22:10:25 - [MESSAGE][WARNING] - Timeout '0' is invalid. Using default page load timeout: '30'

13-02-2024T22:10:26 - [MESSAGE][PASSED] - Web element with id: 'Object Repository/CURA_OR/Page_CURA Healthcare Service/dateObject' located by 'By.xpath: //*[(text() = '0' or . = '0')]' is not present after '30' second(s)

13-02-2024T22:10:26 - [MESSAGE][PASSED] - com.qa.test.custom_keyword.validateAppointmentDate is PASSED

13-02-2024T22:10:26 - [TEST_STEP][PASSED] - Start listener action : sampleAfterTestCase: Object: 'Object Repository/CURA_OR/Page_CURA Healthcare Service/a_Logout' is clicked on

13-02-2024T22:10:26 - [TEST_STEP][PASSED] - println("After Test Case -- Logging out"): null

13-02-2024T22:10:26 - [TEST_STEP][PASSED] - click(findTestObject("Object Repository/CURA_OR/Page_CURA Healthcare Service/amenu-toggle")): Object: 'Object Repository/CURA_OR/Page_CURA Healthcare Service/amenu-toggle' is clicked on

13-02-2024T22:10:26 - [MESSAGE][PASSED] - Object: 'Object Repository/CURA_OR/Page_CURA Healthcare Service/amenu-toggle' is clicked on

13-02-2024T22:10:26 - [TEST_STEP][PASSED] - click(findTestObject("Object Repository/CURA_OR/Page_CURA Healthcare Service/a_Logout")): Object: 'Object Repository/CURA_OR/Page_CURA Healthcare Service/a_Logout' is clicked on

13-02-2024T22:10:28 - [MESSAGE][PASSED] - Object: 'Object Repository/CURA_OR/Page_CURA Healthcare Service/a_Logout' is clicked on]]></system-out>
         <system-err><![CDATA[]]></system-err>
      </testcase>
      <testcase name="Test Cases/TC_CURA_MakeAppointment_005" time="11.773" classname="Test Cases/TC_CURA_MakeAppointment_005" status="PASSED">
         <system-out><![CDATA[13-02-2024T22:10:28 - [TEST_CASE][PASSED] - Test Cases/TC_CURA_MakeAppointment_005: Test Cases/TC_CURA_MakeAppointment_005

13-02-2024T22:10:28 - [TEST_STEP][PASSED] - Start listener action : sampleBeforeTestCase: Object: 'Object Repository/CURA_OR/Page_CURA Healthcare Service/button_Login' is clicked on

13-02-2024T22:10:28 - [TEST_STEP][PASSED] - println("Before Test Case -- Logging in"): null

13-02-2024T22:10:28 - [TEST_STEP][PASSED] - click(findTestObject("Object Repository/CURA_OR/Page_CURA Healthcare Service/amenu-toggle")): Object: 'Object Repository/CURA_OR/Page_CURA Healthcare Service/amenu-toggle' is clicked on

13-02-2024T22:10:28 - [MESSAGE][PASSED] - Object: 'Object Repository/CURA_OR/Page_CURA Healthcare Service/amenu-toggle' is clicked on

13-02-2024T22:10:28 - [TEST_STEP][PASSED] - click(findTestObject("Object Repository/CURA_OR/Page_CURA Healthcare Service/a_Login")): Object: 'Object Repository/CURA_OR/Page_CURA Healthcare Service/a_Login' is clicked on

13-02-2024T22:10:30 - [MESSAGE][PASSED] - Object: 'Object Repository/CURA_OR/Page_CURA Healthcare Service/a_Login' is clicked on

13-02-2024T22:10:30 - [TEST_STEP][PASSED] - setText(findTestObject("Object Repository/CURA_OR/Page_CURA Healthcare Service/input_username"), username): Text 'John Doe' is set on object 'Object Repository/CURA_OR/Page_CURA Healthcare Service/input_username'

13-02-2024T22:10:31 - [MESSAGE][PASSED] - Text 'John Doe' is set on object 'Object Repository/CURA_OR/Page_CURA Healthcare Service/input_username'

13-02-2024T22:10:31 - [TEST_STEP][PASSED] - setText(findTestObject("CURA_OR/Page_CURA Healthcare Service/input_password"), password): Text 'ThisIsNotAPassword' is set on object 'Object Repository/CURA_OR/Page_CURA Healthcare Service/input_password'

13-02-2024T22:10:31 - [MESSAGE][PASSED] - Text 'ThisIsNotAPassword' is set on object 'Object Repository/CURA_OR/Page_CURA Healthcare Service/input_password'

13-02-2024T22:10:31 - [TEST_STEP][PASSED] - click(findTestObject("Object Repository/CURA_OR/Page_CURA Healthcare Service/button_Login")): Object: 'Object Repository/CURA_OR/Page_CURA Healthcare Service/button_Login' is clicked on

13-02-2024T22:10:33 - [MESSAGE][PASSED] - Object: 'Object Repository/CURA_OR/Page_CURA Healthcare Service/button_Login' is clicked on

13-02-2024T22:10:33 - [TEST_STEP][PASSED] - click(findTestObject("Object Repository/CURA_OR/Page_CURA Healthcare Service/div_input-group-addon")): Object: 'Object Repository/CURA_OR/Page_CURA Healthcare Service/div_input-group-addon' is clicked on

13-02-2024T22:10:34 - [MESSAGE][PASSED] - Object: 'Object Repository/CURA_OR/Page_CURA Healthcare Service/div_input-group-addon' is clicked on

13-02-2024T22:10:34 - [TEST_STEP][PASSED] - click(findTestObject("Object Repository/CURA_OR/Page_CURA Healthcare Service/th_February 2024")): Object: 'Object Repository/CURA_OR/Page_CURA Healthcare Service/th_February 2024' is clicked on

13-02-2024T22:10:34 - [MESSAGE][PASSED] - Object: 'Object Repository/CURA_OR/Page_CURA Healthcare Service/th_February 2024' is clicked on

13-02-2024T22:10:34 - [TEST_STEP][PASSED] - click(findTestObject("Object Repository/CURA_OR/Page_CURA Healthcare Service/th_2024")): Object: 'Object Repository/CURA_OR/Page_CURA Healthcare Service/th_2024' is clicked on

13-02-2024T22:10:35 - [MESSAGE][PASSED] - Object: 'Object Repository/CURA_OR/Page_CURA Healthcare Service/th_2024' is clicked on

13-02-2024T22:10:35 - [TEST_STEP][PASSED] - com.qa.test.custom_keyword.validateAppointmentDate(date, month, year): com.qa.test.custom_keyword.validateAppointmentDate is PASSED

13-02-2024T22:10:35 - [MESSAGE][PASSED] - Object: 'Object Repository/CURA_OR/Page_CURA Healthcare Service/yearObject' is clicked on

13-02-2024T22:10:36 - [MESSAGE][PASSED] - Object: 'Object Repository/CURA_OR/Page_CURA Healthcare Service/monthObject' is clicked on

13-02-2024T22:10:36 - [MESSAGE][WARNING] - Timeout '0' is invalid. Using default page load timeout: '30'

13-02-2024T22:10:36 - [MESSAGE][PASSED] - Web element with id: 'Object Repository/CURA_OR/Page_CURA Healthcare Service/dateObject' located by 'By.xpath: //*[(text() = '0' or . = '0')]' is not present after '30' second(s)

13-02-2024T22:10:36 - [MESSAGE][PASSED] - com.qa.test.custom_keyword.validateAppointmentDate is PASSED

13-02-2024T22:10:36 - [TEST_STEP][PASSED] - Start listener action : sampleAfterTestCase: Object: 'Object Repository/CURA_OR/Page_CURA Healthcare Service/a_Logout' is clicked on

13-02-2024T22:10:36 - [TEST_STEP][PASSED] - println("After Test Case -- Logging out"): null

13-02-2024T22:10:36 - [TEST_STEP][PASSED] - click(findTestObject("Object Repository/CURA_OR/Page_CURA Healthcare Service/amenu-toggle")): Object: 'Object Repository/CURA_OR/Page_CURA Healthcare Service/amenu-toggle' is clicked on

13-02-2024T22:10:36 - [MESSAGE][PASSED] - Object: 'Object Repository/CURA_OR/Page_CURA Healthcare Service/amenu-toggle' is clicked on

13-02-2024T22:10:36 - [TEST_STEP][PASSED] - click(findTestObject("Object Repository/CURA_OR/Page_CURA Healthcare Service/a_Logout")): Object: 'Object Repository/CURA_OR/Page_CURA Healthcare Service/a_Logout' is clicked on

13-02-2024T22:10:40 - [MESSAGE][PASSED] - Object: 'Object Repository/CURA_OR/Page_CURA Healthcare Service/a_Logout' is clicked on]]></system-out>
         <system-err><![CDATA[]]></system-err>
      </testcase>
      <testcase name="Test Cases/TC_CURA_MakeAppointment_005" time="12.743" classname="Test Cases/TC_CURA_MakeAppointment_005" status="PASSED">
         <system-out><![CDATA[13-02-2024T22:10:40 - [TEST_CASE][PASSED] - Test Cases/TC_CURA_MakeAppointment_005: Test Cases/TC_CURA_MakeAppointment_005

13-02-2024T22:10:40 - [TEST_STEP][PASSED] - Start listener action : sampleBeforeTestCase: Object: 'Object Repository/CURA_OR/Page_CURA Healthcare Service/button_Login' is clicked on

13-02-2024T22:10:40 - [TEST_STEP][PASSED] - println("Before Test Case -- Logging in"): null

13-02-2024T22:10:40 - [TEST_STEP][PASSED] - click(findTestObject("Object Repository/CURA_OR/Page_CURA Healthcare Service/amenu-toggle")): Object: 'Object Repository/CURA_OR/Page_CURA Healthcare Service/amenu-toggle' is clicked on

13-02-2024T22:10:40 - [MESSAGE][PASSED] - Object: 'Object Repository/CURA_OR/Page_CURA Healthcare Service/amenu-toggle' is clicked on

13-02-2024T22:10:40 - [TEST_STEP][PASSED] - click(findTestObject("Object Repository/CURA_OR/Page_CURA Healthcare Service/a_Login")): Object: 'Object Repository/CURA_OR/Page_CURA Healthcare Service/a_Login' is clicked on

13-02-2024T22:10:42 - [MESSAGE][PASSED] - Object: 'Object Repository/CURA_OR/Page_CURA Healthcare Service/a_Login' is clicked on

13-02-2024T22:10:42 - [TEST_STEP][PASSED] - setText(findTestObject("Object Repository/CURA_OR/Page_CURA Healthcare Service/input_username"), username): Text 'John Doe' is set on object 'Object Repository/CURA_OR/Page_CURA Healthcare Service/input_username'

13-02-2024T22:10:42 - [MESSAGE][PASSED] - Text 'John Doe' is set on object 'Object Repository/CURA_OR/Page_CURA Healthcare Service/input_username'

13-02-2024T22:10:42 - [TEST_STEP][PASSED] - setText(findTestObject("CURA_OR/Page_CURA Healthcare Service/input_password"), password): Text 'ThisIsNotAPassword' is set on object 'Object Repository/CURA_OR/Page_CURA Healthcare Service/input_password'

13-02-2024T22:10:43 - [MESSAGE][PASSED] - Text 'ThisIsNotAPassword' is set on object 'Object Repository/CURA_OR/Page_CURA Healthcare Service/input_password'

13-02-2024T22:10:43 - [TEST_STEP][PASSED] - click(findTestObject("Object Repository/CURA_OR/Page_CURA Healthcare Service/button_Login")): Object: 'Object Repository/CURA_OR/Page_CURA Healthcare Service/button_Login' is clicked on

13-02-2024T22:10:47 - [MESSAGE][PASSED] - Object: 'Object Repository/CURA_OR/Page_CURA Healthcare Service/button_Login' is clicked on

13-02-2024T22:10:47 - [TEST_STEP][PASSED] - click(findTestObject("Object Repository/CURA_OR/Page_CURA Healthcare Service/div_input-group-addon")): Object: 'Object Repository/CURA_OR/Page_CURA Healthcare Service/div_input-group-addon' is clicked on

13-02-2024T22:10:47 - [MESSAGE][PASSED] - Object: 'Object Repository/CURA_OR/Page_CURA Healthcare Service/div_input-group-addon' is clicked on

13-02-2024T22:10:47 - [TEST_STEP][PASSED] - click(findTestObject("Object Repository/CURA_OR/Page_CURA Healthcare Service/th_February 2024")): Object: 'Object Repository/CURA_OR/Page_CURA Healthcare Service/th_February 2024' is clicked on

13-02-2024T22:10:48 - [MESSAGE][PASSED] - Object: 'Object Repository/CURA_OR/Page_CURA Healthcare Service/th_February 2024' is clicked on

13-02-2024T22:10:48 - [TEST_STEP][PASSED] - click(findTestObject("Object Repository/CURA_OR/Page_CURA Healthcare Service/th_2024")): Object: 'Object Repository/CURA_OR/Page_CURA Healthcare Service/th_2024' is clicked on

13-02-2024T22:10:48 - [MESSAGE][PASSED] - Object: 'Object Repository/CURA_OR/Page_CURA Healthcare Service/th_2024' is clicked on

13-02-2024T22:10:48 - [TEST_STEP][PASSED] - com.qa.test.custom_keyword.validateAppointmentDate(date, month, year): com.qa.test.custom_keyword.validateAppointmentDate is PASSED

13-02-2024T22:10:48 - [MESSAGE][PASSED] - Object: 'Object Repository/CURA_OR/Page_CURA Healthcare Service/yearObject' is clicked on

13-02-2024T22:10:49 - [MESSAGE][PASSED] - Object: 'Object Repository/CURA_OR/Page_CURA Healthcare Service/monthObject' is clicked on

13-02-2024T22:10:49 - [MESSAGE][WARNING] - Timeout '0' is invalid. Using default page load timeout: '30'

13-02-2024T22:10:49 - [MESSAGE][PASSED] - Web element with id: 'Object Repository/CURA_OR/Page_CURA Healthcare Service/dateObject' located by 'By.xpath: //*[(text() = '0' or . = '0')]' is not present after '30' second(s)

13-02-2024T22:10:49 - [MESSAGE][PASSED] - com.qa.test.custom_keyword.validateAppointmentDate is PASSED

13-02-2024T22:10:49 - [TEST_STEP][PASSED] - Start listener action : sampleAfterTestCase: Object: 'Object Repository/CURA_OR/Page_CURA Healthcare Service/a_Logout' is clicked on

13-02-2024T22:10:49 - [TEST_STEP][PASSED] - println("After Test Case -- Logging out"): null

13-02-2024T22:10:49 - [TEST_STEP][PASSED] - click(findTestObject("Object Repository/CURA_OR/Page_CURA Healthcare Service/amenu-toggle")): Object: 'Object Repository/CURA_OR/Page_CURA Healthcare Service/amenu-toggle' is clicked on

13-02-2024T22:10:50 - [MESSAGE][PASSED] - Object: 'Object Repository/CURA_OR/Page_CURA Healthcare Service/amenu-toggle' is clicked on

13-02-2024T22:10:50 - [TEST_STEP][PASSED] - click(findTestObject("Object Repository/CURA_OR/Page_CURA Healthcare Service/a_Logout")): Object: 'Object Repository/CURA_OR/Page_CURA Healthcare Service/a_Logout' is clicked on

13-02-2024T22:10:52 - [MESSAGE][PASSED] - Object: 'Object Repository/CURA_OR/Page_CURA Healthcare Service/a_Logout' is clicked on]]></system-out>
         <system-err><![CDATA[]]></system-err>
      </testcase>
      <testcase name="Test Cases/TC_CURA_MakeAppointment_005" time="10.916" classname="Test Cases/TC_CURA_MakeAppointment_005" status="PASSED">
         <system-out><![CDATA[13-02-2024T22:10:53 - [TEST_CASE][PASSED] - Test Cases/TC_CURA_MakeAppointment_005: Test Cases/TC_CURA_MakeAppointment_005

13-02-2024T22:10:53 - [TEST_STEP][PASSED] - Start listener action : sampleBeforeTestCase: Object: 'Object Repository/CURA_OR/Page_CURA Healthcare Service/button_Login' is clicked on

13-02-2024T22:10:53 - [TEST_STEP][PASSED] - println("Before Test Case -- Logging in"): null

13-02-2024T22:10:53 - [TEST_STEP][PASSED] - click(findTestObject("Object Repository/CURA_OR/Page_CURA Healthcare Service/amenu-toggle")): Object: 'Object Repository/CURA_OR/Page_CURA Healthcare Service/amenu-toggle' is clicked on

13-02-2024T22:10:53 - [MESSAGE][PASSED] - Object: 'Object Repository/CURA_OR/Page_CURA Healthcare Service/amenu-toggle' is clicked on

13-02-2024T22:10:53 - [TEST_STEP][PASSED] - click(findTestObject("Object Repository/CURA_OR/Page_CURA Healthcare Service/a_Login")): Object: 'Object Repository/CURA_OR/Page_CURA Healthcare Service/a_Login' is clicked on

13-02-2024T22:10:55 - [MESSAGE][PASSED] - Object: 'Object Repository/CURA_OR/Page_CURA Healthcare Service/a_Login' is clicked on

13-02-2024T22:10:55 - [TEST_STEP][PASSED] - setText(findTestObject("Object Repository/CURA_OR/Page_CURA Healthcare Service/input_username"), username): Text 'John Doe' is set on object 'Object Repository/CURA_OR/Page_CURA Healthcare Service/input_username'

13-02-2024T22:10:55 - [MESSAGE][PASSED] - Text 'John Doe' is set on object 'Object Repository/CURA_OR/Page_CURA Healthcare Service/input_username'

13-02-2024T22:10:55 - [TEST_STEP][PASSED] - setText(findTestObject("CURA_OR/Page_CURA Healthcare Service/input_password"), password): Text 'ThisIsNotAPassword' is set on object 'Object Repository/CURA_OR/Page_CURA Healthcare Service/input_password'

13-02-2024T22:10:56 - [MESSAGE][PASSED] - Text 'ThisIsNotAPassword' is set on object 'Object Repository/CURA_OR/Page_CURA Healthcare Service/input_password'

13-02-2024T22:10:56 - [TEST_STEP][PASSED] - click(findTestObject("Object Repository/CURA_OR/Page_CURA Healthcare Service/button_Login")): Object: 'Object Repository/CURA_OR/Page_CURA Healthcare Service/button_Login' is clicked on

13-02-2024T22:10:58 - [MESSAGE][PASSED] - Object: 'Object Repository/CURA_OR/Page_CURA Healthcare Service/button_Login' is clicked on

13-02-2024T22:10:58 - [TEST_STEP][PASSED] - click(findTestObject("Object Repository/CURA_OR/Page_CURA Healthcare Service/div_input-group-addon")): Object: 'Object Repository/CURA_OR/Page_CURA Healthcare Service/div_input-group-addon' is clicked on

13-02-2024T22:10:58 - [MESSAGE][PASSED] - Object: 'Object Repository/CURA_OR/Page_CURA Healthcare Service/div_input-group-addon' is clicked on

13-02-2024T22:10:58 - [TEST_STEP][PASSED] - click(findTestObject("Object Repository/CURA_OR/Page_CURA Healthcare Service/th_February 2024")): Object: 'Object Repository/CURA_OR/Page_CURA Healthcare Service/th_February 2024' is clicked on

13-02-2024T22:10:59 - [MESSAGE][PASSED] - Object: 'Object Repository/CURA_OR/Page_CURA Healthcare Service/th_February 2024' is clicked on

13-02-2024T22:10:59 - [TEST_STEP][PASSED] - click(findTestObject("Object Repository/CURA_OR/Page_CURA Healthcare Service/th_2024")): Object: 'Object Repository/CURA_OR/Page_CURA Healthcare Service/th_2024' is clicked on

13-02-2024T22:10:59 - [MESSAGE][PASSED] - Object: 'Object Repository/CURA_OR/Page_CURA Healthcare Service/th_2024' is clicked on

13-02-2024T22:10:59 - [TEST_STEP][PASSED] - com.qa.test.custom_keyword.validateAppointmentDate(date, month, year): com.qa.test.custom_keyword.validateAppointmentDate is PASSED

13-02-2024T22:11:00 - [MESSAGE][PASSED] - Object: 'Object Repository/CURA_OR/Page_CURA Healthcare Service/yearObject' is clicked on

13-02-2024T22:11:00 - [MESSAGE][PASSED] - Object: 'Object Repository/CURA_OR/Page_CURA Healthcare Service/monthObject' is clicked on

13-02-2024T22:11:00 - [MESSAGE][WARNING] - Timeout '0' is invalid. Using default page load timeout: '30'

13-02-2024T22:11:01 - [MESSAGE][PASSED] - Web element with id: 'Object Repository/CURA_OR/Page_CURA Healthcare Service/dateObject' located by 'By.xpath: //*[(text() = '0' or . = '0')]' is not present after '30' second(s)

13-02-2024T22:11:01 - [MESSAGE][PASSED] - com.qa.test.custom_keyword.validateAppointmentDate is PASSED

13-02-2024T22:11:01 - [TEST_STEP][PASSED] - Start listener action : sampleAfterTestCase: Object: 'Object Repository/CURA_OR/Page_CURA Healthcare Service/a_Logout' is clicked on

13-02-2024T22:11:01 - [TEST_STEP][PASSED] - println("After Test Case -- Logging out"): null

13-02-2024T22:11:01 - [TEST_STEP][PASSED] - click(findTestObject("Object Repository/CURA_OR/Page_CURA Healthcare Service/amenu-toggle")): Object: 'Object Repository/CURA_OR/Page_CURA Healthcare Service/amenu-toggle' is clicked on

13-02-2024T22:11:01 - [MESSAGE][PASSED] - Object: 'Object Repository/CURA_OR/Page_CURA Healthcare Service/amenu-toggle' is clicked on

13-02-2024T22:11:01 - [TEST_STEP][PASSED] - click(findTestObject("Object Repository/CURA_OR/Page_CURA Healthcare Service/a_Logout")): Object: 'Object Repository/CURA_OR/Page_CURA Healthcare Service/a_Logout' is clicked on

13-02-2024T22:11:03 - [MESSAGE][PASSED] - Object: 'Object Repository/CURA_OR/Page_CURA Healthcare Service/a_Logout' is clicked on]]></system-out>
         <system-err><![CDATA[]]></system-err>
      </testcase>
      <testcase name="Test Cases/TC_CURA_MakeAppointment_005" time="9.84" classname="Test Cases/TC_CURA_MakeAppointment_005" status="PASSED">
         <system-out><![CDATA[13-02-2024T22:11:04 - [TEST_CASE][PASSED] - Test Cases/TC_CURA_MakeAppointment_005: Test Cases/TC_CURA_MakeAppointment_005

13-02-2024T22:11:04 - [TEST_STEP][PASSED] - Start listener action : sampleBeforeTestCase: Object: 'Object Repository/CURA_OR/Page_CURA Healthcare Service/button_Login' is clicked on

13-02-2024T22:11:04 - [TEST_STEP][PASSED] - println("Before Test Case -- Logging in"): null

13-02-2024T22:11:04 - [TEST_STEP][PASSED] - click(findTestObject("Object Repository/CURA_OR/Page_CURA Healthcare Service/amenu-toggle")): Object: 'Object Repository/CURA_OR/Page_CURA Healthcare Service/amenu-toggle' is clicked on

13-02-2024T22:11:04 - [MESSAGE][PASSED] - Object: 'Object Repository/CURA_OR/Page_CURA Healthcare Service/amenu-toggle' is clicked on

13-02-2024T22:11:04 - [TEST_STEP][PASSED] - click(findTestObject("Object Repository/CURA_OR/Page_CURA Healthcare Service/a_Login")): Object: 'Object Repository/CURA_OR/Page_CURA Healthcare Service/a_Login' is clicked on

13-02-2024T22:11:05 - [MESSAGE][PASSED] - Object: 'Object Repository/CURA_OR/Page_CURA Healthcare Service/a_Login' is clicked on

13-02-2024T22:11:05 - [TEST_STEP][PASSED] - setText(findTestObject("Object Repository/CURA_OR/Page_CURA Healthcare Service/input_username"), username): Text 'John Doe' is set on object 'Object Repository/CURA_OR/Page_CURA Healthcare Service/input_username'

13-02-2024T22:11:06 - [MESSAGE][PASSED] - Text 'John Doe' is set on object 'Object Repository/CURA_OR/Page_CURA Healthcare Service/input_username'

13-02-2024T22:11:06 - [TEST_STEP][PASSED] - setText(findTestObject("CURA_OR/Page_CURA Healthcare Service/input_password"), password): Text 'ThisIsNotAPassword' is set on object 'Object Repository/CURA_OR/Page_CURA Healthcare Service/input_password'

13-02-2024T22:11:07 - [MESSAGE][PASSED] - Text 'ThisIsNotAPassword' is set on object 'Object Repository/CURA_OR/Page_CURA Healthcare Service/input_password'

13-02-2024T22:11:07 - [TEST_STEP][PASSED] - click(findTestObject("Object Repository/CURA_OR/Page_CURA Healthcare Service/button_Login")): Object: 'Object Repository/CURA_OR/Page_CURA Healthcare Service/button_Login' is clicked on

13-02-2024T22:11:08 - [MESSAGE][PASSED] - Object: 'Object Repository/CURA_OR/Page_CURA Healthcare Service/button_Login' is clicked on

13-02-2024T22:11:08 - [TEST_STEP][PASSED] - click(findTestObject("Object Repository/CURA_OR/Page_CURA Healthcare Service/div_input-group-addon")): Object: 'Object Repository/CURA_OR/Page_CURA Healthcare Service/div_input-group-addon' is clicked on

13-02-2024T22:11:09 - [MESSAGE][PASSED] - Object: 'Object Repository/CURA_OR/Page_CURA Healthcare Service/div_input-group-addon' is clicked on

13-02-2024T22:11:09 - [TEST_STEP][PASSED] - click(findTestObject("Object Repository/CURA_OR/Page_CURA Healthcare Service/th_February 2024")): Object: 'Object Repository/CURA_OR/Page_CURA Healthcare Service/th_February 2024' is clicked on

13-02-2024T22:11:10 - [MESSAGE][PASSED] - Object: 'Object Repository/CURA_OR/Page_CURA Healthcare Service/th_February 2024' is clicked on

13-02-2024T22:11:10 - [TEST_STEP][PASSED] - click(findTestObject("Object Repository/CURA_OR/Page_CURA Healthcare Service/th_2024")): Object: 'Object Repository/CURA_OR/Page_CURA Healthcare Service/th_2024' is clicked on

13-02-2024T22:11:10 - [MESSAGE][PASSED] - Object: 'Object Repository/CURA_OR/Page_CURA Healthcare Service/th_2024' is clicked on

13-02-2024T22:11:10 - [TEST_STEP][PASSED] - com.qa.test.custom_keyword.validateAppointmentDate(date, month, year): com.qa.test.custom_keyword.validateAppointmentDate is PASSED

13-02-2024T22:11:11 - [MESSAGE][PASSED] - Object: 'Object Repository/CURA_OR/Page_CURA Healthcare Service/yearObject' is clicked on

13-02-2024T22:11:11 - [MESSAGE][PASSED] - Object: 'Object Repository/CURA_OR/Page_CURA Healthcare Service/monthObject' is clicked on

13-02-2024T22:11:11 - [MESSAGE][WARNING] - Timeout '0' is invalid. Using default page load timeout: '30'

13-02-2024T22:11:12 - [MESSAGE][PASSED] - Web element with id: 'Object Repository/CURA_OR/Page_CURA Healthcare Service/dateObject' located by 'By.xpath: //*[(text() = '0' or . = '0')]' is not present after '30' second(s)

13-02-2024T22:11:12 - [MESSAGE][PASSED] - com.qa.test.custom_keyword.validateAppointmentDate is PASSED

13-02-2024T22:11:12 - [TEST_STEP][PASSED] - Start listener action : sampleAfterTestCase: Object: 'Object Repository/CURA_OR/Page_CURA Healthcare Service/a_Logout' is clicked on

13-02-2024T22:11:12 - [TEST_STEP][PASSED] - println("After Test Case -- Logging out"): null

13-02-2024T22:11:12 - [TEST_STEP][PASSED] - click(findTestObject("Object Repository/CURA_OR/Page_CURA Healthcare Service/amenu-toggle")): Object: 'Object Repository/CURA_OR/Page_CURA Healthcare Service/amenu-toggle' is clicked on

13-02-2024T22:11:12 - [MESSAGE][PASSED] - Object: 'Object Repository/CURA_OR/Page_CURA Healthcare Service/amenu-toggle' is clicked on

13-02-2024T22:11:12 - [TEST_STEP][PASSED] - click(findTestObject("Object Repository/CURA_OR/Page_CURA Healthcare Service/a_Logout")): Object: 'Object Repository/CURA_OR/Page_CURA Healthcare Service/a_Logout' is clicked on

13-02-2024T22:11:13 - [MESSAGE][PASSED] - Object: 'Object Repository/CURA_OR/Page_CURA Healthcare Service/a_Logout' is clicked on]]></system-out>
         <system-err><![CDATA[]]></system-err>
      </testcase>
      <testcase name="Test Cases/TC_CURA_MakeAppointment_005" time="9.16" classname="Test Cases/TC_CURA_MakeAppointment_005" status="PASSED">
         <system-out><![CDATA[13-02-2024T22:11:13 - [TEST_CASE][PASSED] - Test Cases/TC_CURA_MakeAppointment_005: Test Cases/TC_CURA_MakeAppointment_005

13-02-2024T22:11:13 - [TEST_STEP][PASSED] - Start listener action : sampleBeforeTestCase: Object: 'Object Repository/CURA_OR/Page_CURA Healthcare Service/button_Login' is clicked on

13-02-2024T22:11:13 - [TEST_STEP][PASSED] - println("Before Test Case -- Logging in"): null

13-02-2024T22:11:13 - [TEST_STEP][PASSED] - click(findTestObject("Object Repository/CURA_OR/Page_CURA Healthcare Service/amenu-toggle")): Object: 'Object Repository/CURA_OR/Page_CURA Healthcare Service/amenu-toggle' is clicked on

13-02-2024T22:11:14 - [MESSAGE][PASSED] - Object: 'Object Repository/CURA_OR/Page_CURA Healthcare Service/amenu-toggle' is clicked on

13-02-2024T22:11:14 - [TEST_STEP][PASSED] - click(findTestObject("Object Repository/CURA_OR/Page_CURA Healthcare Service/a_Login")): Object: 'Object Repository/CURA_OR/Page_CURA Healthcare Service/a_Login' is clicked on

13-02-2024T22:11:15 - [MESSAGE][PASSED] - Object: 'Object Repository/CURA_OR/Page_CURA Healthcare Service/a_Login' is clicked on

13-02-2024T22:11:15 - [TEST_STEP][PASSED] - setText(findTestObject("Object Repository/CURA_OR/Page_CURA Healthcare Service/input_username"), username): Text 'John Doe' is set on object 'Object Repository/CURA_OR/Page_CURA Healthcare Service/input_username'

13-02-2024T22:11:16 - [MESSAGE][PASSED] - Text 'John Doe' is set on object 'Object Repository/CURA_OR/Page_CURA Healthcare Service/input_username'

13-02-2024T22:11:16 - [TEST_STEP][PASSED] - setText(findTestObject("CURA_OR/Page_CURA Healthcare Service/input_password"), password): Text 'ThisIsNotAPassword' is set on object 'Object Repository/CURA_OR/Page_CURA Healthcare Service/input_password'

13-02-2024T22:11:17 - [MESSAGE][PASSED] - Text 'ThisIsNotAPassword' is set on object 'Object Repository/CURA_OR/Page_CURA Healthcare Service/input_password'

13-02-2024T22:11:17 - [TEST_STEP][PASSED] - click(findTestObject("Object Repository/CURA_OR/Page_CURA Healthcare Service/button_Login")): Object: 'Object Repository/CURA_OR/Page_CURA Healthcare Service/button_Login' is clicked on

13-02-2024T22:11:18 - [MESSAGE][PASSED] - Object: 'Object Repository/CURA_OR/Page_CURA Healthcare Service/button_Login' is clicked on

13-02-2024T22:11:18 - [TEST_STEP][PASSED] - click(findTestObject("Object Repository/CURA_OR/Page_CURA Healthcare Service/div_input-group-addon")): Object: 'Object Repository/CURA_OR/Page_CURA Healthcare Service/div_input-group-addon' is clicked on

13-02-2024T22:11:19 - [MESSAGE][PASSED] - Object: 'Object Repository/CURA_OR/Page_CURA Healthcare Service/div_input-group-addon' is clicked on

13-02-2024T22:11:19 - [TEST_STEP][PASSED] - click(findTestObject("Object Repository/CURA_OR/Page_CURA Healthcare Service/th_February 2024")): Object: 'Object Repository/CURA_OR/Page_CURA Healthcare Service/th_February 2024' is clicked on

13-02-2024T22:11:19 - [MESSAGE][PASSED] - Object: 'Object Repository/CURA_OR/Page_CURA Healthcare Service/th_February 2024' is clicked on

13-02-2024T22:11:19 - [TEST_STEP][PASSED] - click(findTestObject("Object Repository/CURA_OR/Page_CURA Healthcare Service/th_2024")): Object: 'Object Repository/CURA_OR/Page_CURA Healthcare Service/th_2024' is clicked on

13-02-2024T22:11:19 - [MESSAGE][PASSED] - Object: 'Object Repository/CURA_OR/Page_CURA Healthcare Service/th_2024' is clicked on

13-02-2024T22:11:19 - [TEST_STEP][PASSED] - com.qa.test.custom_keyword.validateAppointmentDate(date, month, year): com.qa.test.custom_keyword.validateAppointmentDate is PASSED

13-02-2024T22:11:20 - [MESSAGE][PASSED] - Object: 'Object Repository/CURA_OR/Page_CURA Healthcare Service/yearObject' is clicked on

13-02-2024T22:11:20 - [MESSAGE][PASSED] - Object: 'Object Repository/CURA_OR/Page_CURA Healthcare Service/monthObject' is clicked on

13-02-2024T22:11:21 - [MESSAGE][WARNING] - Timeout '0' is invalid. Using default page load timeout: '30'

13-02-2024T22:11:21 - [MESSAGE][PASSED] - Web element with id: 'Object Repository/CURA_OR/Page_CURA Healthcare Service/dateObject' located by 'By.xpath: //*[(text() = '0' or . = '0')]' is not present after '30' second(s)

13-02-2024T22:11:21 - [MESSAGE][PASSED] - com.qa.test.custom_keyword.validateAppointmentDate is PASSED

13-02-2024T22:11:21 - [TEST_STEP][PASSED] - Start listener action : sampleAfterTestCase: Object: 'Object Repository/CURA_OR/Page_CURA Healthcare Service/a_Logout' is clicked on

13-02-2024T22:11:21 - [TEST_STEP][PASSED] - println("After Test Case -- Logging out"): null

13-02-2024T22:11:21 - [TEST_STEP][PASSED] - click(findTestObject("Object Repository/CURA_OR/Page_CURA Healthcare Service/amenu-toggle")): Object: 'Object Repository/CURA_OR/Page_CURA Healthcare Service/amenu-toggle' is clicked on

13-02-2024T22:11:21 - [MESSAGE][PASSED] - Object: 'Object Repository/CURA_OR/Page_CURA Healthcare Service/amenu-toggle' is clicked on

13-02-2024T22:11:21 - [TEST_STEP][PASSED] - click(findTestObject("Object Repository/CURA_OR/Page_CURA Healthcare Service/a_Logout")): Object: 'Object Repository/CURA_OR/Page_CURA Healthcare Service/a_Logout' is clicked on

13-02-2024T22:11:23 - [MESSAGE][PASSED] - Object: 'Object Repository/CURA_OR/Page_CURA Healthcare Service/a_Logout' is clicked on]]></system-out>
         <system-err><![CDATA[]]></system-err>
      </testcase>
      <testcase name="Test Cases/TC_CURA_MakeAppointment_005" time="12.479" classname="Test Cases/TC_CURA_MakeAppointment_005" status="PASSED">
         <system-out><![CDATA[13-02-2024T22:11:23 - [TEST_CASE][PASSED] - Test Cases/TC_CURA_MakeAppointment_005: Test Cases/TC_CURA_MakeAppointment_005

13-02-2024T22:11:23 - [TEST_STEP][PASSED] - Start listener action : sampleBeforeTestCase: Object: 'Object Repository/CURA_OR/Page_CURA Healthcare Service/button_Login' is clicked on

13-02-2024T22:11:23 - [TEST_STEP][PASSED] - println("Before Test Case -- Logging in"): null

13-02-2024T22:11:23 - [TEST_STEP][PASSED] - click(findTestObject("Object Repository/CURA_OR/Page_CURA Healthcare Service/amenu-toggle")): Object: 'Object Repository/CURA_OR/Page_CURA Healthcare Service/amenu-toggle' is clicked on

13-02-2024T22:11:23 - [MESSAGE][PASSED] - Object: 'Object Repository/CURA_OR/Page_CURA Healthcare Service/amenu-toggle' is clicked on

13-02-2024T22:11:23 - [TEST_STEP][PASSED] - click(findTestObject("Object Repository/CURA_OR/Page_CURA Healthcare Service/a_Login")): Object: 'Object Repository/CURA_OR/Page_CURA Healthcare Service/a_Login' is clicked on

13-02-2024T22:11:26 - [MESSAGE][PASSED] - Object: 'Object Repository/CURA_OR/Page_CURA Healthcare Service/a_Login' is clicked on

13-02-2024T22:11:26 - [TEST_STEP][PASSED] - setText(findTestObject("Object Repository/CURA_OR/Page_CURA Healthcare Service/input_username"), username): Text 'John Doe' is set on object 'Object Repository/CURA_OR/Page_CURA Healthcare Service/input_username'

13-02-2024T22:11:26 - [MESSAGE][PASSED] - Text 'John Doe' is set on object 'Object Repository/CURA_OR/Page_CURA Healthcare Service/input_username'

13-02-2024T22:11:26 - [TEST_STEP][PASSED] - setText(findTestObject("CURA_OR/Page_CURA Healthcare Service/input_password"), password): Text 'ThisIsNotAPassword' is set on object 'Object Repository/CURA_OR/Page_CURA Healthcare Service/input_password'

13-02-2024T22:11:27 - [MESSAGE][PASSED] - Text 'ThisIsNotAPassword' is set on object 'Object Repository/CURA_OR/Page_CURA Healthcare Service/input_password'

13-02-2024T22:11:27 - [TEST_STEP][PASSED] - click(findTestObject("Object Repository/CURA_OR/Page_CURA Healthcare Service/button_Login")): Object: 'Object Repository/CURA_OR/Page_CURA Healthcare Service/button_Login' is clicked on

13-02-2024T22:11:30 - [MESSAGE][PASSED] - Object: 'Object Repository/CURA_OR/Page_CURA Healthcare Service/button_Login' is clicked on

13-02-2024T22:11:30 - [TEST_STEP][PASSED] - click(findTestObject("Object Repository/CURA_OR/Page_CURA Healthcare Service/div_input-group-addon")): Object: 'Object Repository/CURA_OR/Page_CURA Healthcare Service/div_input-group-addon' is clicked on

13-02-2024T22:11:31 - [MESSAGE][PASSED] - Object: 'Object Repository/CURA_OR/Page_CURA Healthcare Service/div_input-group-addon' is clicked on

13-02-2024T22:11:31 - [TEST_STEP][PASSED] - click(findTestObject("Object Repository/CURA_OR/Page_CURA Healthcare Service/th_February 2024")): Object: 'Object Repository/CURA_OR/Page_CURA Healthcare Service/th_February 2024' is clicked on

13-02-2024T22:11:32 - [MESSAGE][PASSED] - Object: 'Object Repository/CURA_OR/Page_CURA Healthcare Service/th_February 2024' is clicked on

13-02-2024T22:11:32 - [TEST_STEP][PASSED] - click(findTestObject("Object Repository/CURA_OR/Page_CURA Healthcare Service/th_2024")): Object: 'Object Repository/CURA_OR/Page_CURA Healthcare Service/th_2024' is clicked on

13-02-2024T22:11:32 - [MESSAGE][PASSED] - Object: 'Object Repository/CURA_OR/Page_CURA Healthcare Service/th_2024' is clicked on

13-02-2024T22:11:32 - [TEST_STEP][PASSED] - com.qa.test.custom_keyword.validateAppointmentDate(date, month, year): com.qa.test.custom_keyword.validateAppointmentDate is PASSED

13-02-2024T22:11:32 - [MESSAGE][PASSED] - Object: 'Object Repository/CURA_OR/Page_CURA Healthcare Service/yearObject' is clicked on

13-02-2024T22:11:33 - [MESSAGE][PASSED] - Object: 'Object Repository/CURA_OR/Page_CURA Healthcare Service/monthObject' is clicked on

13-02-2024T22:11:33 - [MESSAGE][WARNING] - Timeout '0' is invalid. Using default page load timeout: '30'

13-02-2024T22:11:33 - [MESSAGE][PASSED] - Web element with id: 'Object Repository/CURA_OR/Page_CURA Healthcare Service/dateObject' located by 'By.xpath: //*[(text() = '0' or . = '0')]' is not present after '30' second(s)

13-02-2024T22:11:33 - [MESSAGE][PASSED] - com.qa.test.custom_keyword.validateAppointmentDate is PASSED

13-02-2024T22:11:33 - [TEST_STEP][PASSED] - Start listener action : sampleAfterTestCase: Object: 'Object Repository/CURA_OR/Page_CURA Healthcare Service/a_Logout' is clicked on

13-02-2024T22:11:33 - [TEST_STEP][PASSED] - println("After Test Case -- Logging out"): null

13-02-2024T22:11:33 - [TEST_STEP][PASSED] - click(findTestObject("Object Repository/CURA_OR/Page_CURA Healthcare Service/amenu-toggle")): Object: 'Object Repository/CURA_OR/Page_CURA Healthcare Service/amenu-toggle' is clicked on

13-02-2024T22:11:34 - [MESSAGE][PASSED] - Object: 'Object Repository/CURA_OR/Page_CURA Healthcare Service/amenu-toggle' is clicked on

13-02-2024T22:11:34 - [TEST_STEP][PASSED] - click(findTestObject("Object Repository/CURA_OR/Page_CURA Healthcare Service/a_Logout")): Object: 'Object Repository/CURA_OR/Page_CURA Healthcare Service/a_Logout' is clicked on

13-02-2024T22:11:35 - [MESSAGE][PASSED] - Object: 'Object Repository/CURA_OR/Page_CURA Healthcare Service/a_Logout' is clicked on]]></system-out>
         <system-err><![CDATA[]]></system-err>
      </testcase>
      <testcase name="Test Cases/TC_CURA_MakeAppointment_005" time="11.291" classname="Test Cases/TC_CURA_MakeAppointment_005" status="PASSED">
         <system-out><![CDATA[13-02-2024T22:11:35 - [TEST_CASE][PASSED] - Test Cases/TC_CURA_MakeAppointment_005: Test Cases/TC_CURA_MakeAppointment_005

13-02-2024T22:11:35 - [TEST_STEP][PASSED] - Start listener action : sampleBeforeTestCase: Object: 'Object Repository/CURA_OR/Page_CURA Healthcare Service/button_Login' is clicked on

13-02-2024T22:11:35 - [TEST_STEP][PASSED] - println("Before Test Case -- Logging in"): null

13-02-2024T22:11:35 - [TEST_STEP][PASSED] - click(findTestObject("Object Repository/CURA_OR/Page_CURA Healthcare Service/amenu-toggle")): Object: 'Object Repository/CURA_OR/Page_CURA Healthcare Service/amenu-toggle' is clicked on

13-02-2024T22:11:36 - [MESSAGE][PASSED] - Object: 'Object Repository/CURA_OR/Page_CURA Healthcare Service/amenu-toggle' is clicked on

13-02-2024T22:11:36 - [TEST_STEP][PASSED] - click(findTestObject("Object Repository/CURA_OR/Page_CURA Healthcare Service/a_Login")): Object: 'Object Repository/CURA_OR/Page_CURA Healthcare Service/a_Login' is clicked on

13-02-2024T22:11:37 - [MESSAGE][PASSED] - Object: 'Object Repository/CURA_OR/Page_CURA Healthcare Service/a_Login' is clicked on

13-02-2024T22:11:37 - [TEST_STEP][PASSED] - setText(findTestObject("Object Repository/CURA_OR/Page_CURA Healthcare Service/input_username"), username): Text 'John Doe' is set on object 'Object Repository/CURA_OR/Page_CURA Healthcare Service/input_username'

13-02-2024T22:11:38 - [MESSAGE][PASSED] - Text 'John Doe' is set on object 'Object Repository/CURA_OR/Page_CURA Healthcare Service/input_username'

13-02-2024T22:11:38 - [TEST_STEP][PASSED] - setText(findTestObject("CURA_OR/Page_CURA Healthcare Service/input_password"), password): Text 'ThisIsNotAPassword' is set on object 'Object Repository/CURA_OR/Page_CURA Healthcare Service/input_password'

13-02-2024T22:11:39 - [MESSAGE][PASSED] - Text 'ThisIsNotAPassword' is set on object 'Object Repository/CURA_OR/Page_CURA Healthcare Service/input_password'

13-02-2024T22:11:39 - [TEST_STEP][PASSED] - click(findTestObject("Object Repository/CURA_OR/Page_CURA Healthcare Service/button_Login")): Object: 'Object Repository/CURA_OR/Page_CURA Healthcare Service/button_Login' is clicked on

13-02-2024T22:11:41 - [MESSAGE][PASSED] - Object: 'Object Repository/CURA_OR/Page_CURA Healthcare Service/button_Login' is clicked on

13-02-2024T22:11:41 - [TEST_STEP][PASSED] - click(findTestObject("Object Repository/CURA_OR/Page_CURA Healthcare Service/div_input-group-addon")): Object: 'Object Repository/CURA_OR/Page_CURA Healthcare Service/div_input-group-addon' is clicked on

13-02-2024T22:11:42 - [MESSAGE][PASSED] - Object: 'Object Repository/CURA_OR/Page_CURA Healthcare Service/div_input-group-addon' is clicked on

13-02-2024T22:11:42 - [TEST_STEP][PASSED] - click(findTestObject("Object Repository/CURA_OR/Page_CURA Healthcare Service/th_February 2024")): Object: 'Object Repository/CURA_OR/Page_CURA Healthcare Service/th_February 2024' is clicked on

13-02-2024T22:11:43 - [MESSAGE][PASSED] - Object: 'Object Repository/CURA_OR/Page_CURA Healthcare Service/th_February 2024' is clicked on

13-02-2024T22:11:43 - [TEST_STEP][PASSED] - click(findTestObject("Object Repository/CURA_OR/Page_CURA Healthcare Service/th_2024")): Object: 'Object Repository/CURA_OR/Page_CURA Healthcare Service/th_2024' is clicked on

13-02-2024T22:11:43 - [MESSAGE][PASSED] - Object: 'Object Repository/CURA_OR/Page_CURA Healthcare Service/th_2024' is clicked on

13-02-2024T22:11:43 - [TEST_STEP][PASSED] - com.qa.test.custom_keyword.validateAppointmentDate(date, month, year): com.qa.test.custom_keyword.validateAppointmentDate is PASSED

13-02-2024T22:11:43 - [MESSAGE][PASSED] - Object: 'Object Repository/CURA_OR/Page_CURA Healthcare Service/yearObject' is clicked on

13-02-2024T22:11:44 - [MESSAGE][PASSED] - Object: 'Object Repository/CURA_OR/Page_CURA Healthcare Service/monthObject' is clicked on

13-02-2024T22:11:44 - [MESSAGE][WARNING] - Timeout '0' is invalid. Using default page load timeout: '30'

13-02-2024T22:11:44 - [MESSAGE][PASSED] - Web element with id: 'Object Repository/CURA_OR/Page_CURA Healthcare Service/dateObject' located by 'By.xpath: //*[(text() = '0' or . = '0')]' is not present after '30' second(s)

13-02-2024T22:11:44 - [MESSAGE][PASSED] - com.qa.test.custom_keyword.validateAppointmentDate is PASSED

13-02-2024T22:11:44 - [TEST_STEP][PASSED] - Start listener action : sampleAfterTestCase: Object: 'Object Repository/CURA_OR/Page_CURA Healthcare Service/a_Logout' is clicked on

13-02-2024T22:11:44 - [TEST_STEP][PASSED] - println("After Test Case -- Logging out"): null

13-02-2024T22:11:44 - [TEST_STEP][PASSED] - click(findTestObject("Object Repository/CURA_OR/Page_CURA Healthcare Service/amenu-toggle")): Object: 'Object Repository/CURA_OR/Page_CURA Healthcare Service/amenu-toggle' is clicked on

13-02-2024T22:11:45 - [MESSAGE][PASSED] - Object: 'Object Repository/CURA_OR/Page_CURA Healthcare Service/amenu-toggle' is clicked on

13-02-2024T22:11:45 - [TEST_STEP][PASSED] - click(findTestObject("Object Repository/CURA_OR/Page_CURA Healthcare Service/a_Logout")): Object: 'Object Repository/CURA_OR/Page_CURA Healthcare Service/a_Logout' is clicked on

13-02-2024T22:11:46 - [MESSAGE][PASSED] - Object: 'Object Repository/CURA_OR/Page_CURA Healthcare Service/a_Logout' is clicked on]]></system-out>
         <system-err><![CDATA[]]></system-err>
      </testcase>
      <testcase name="Test Cases/TC_CURA_MakeAppointment_005" time="12.038" classname="Test Cases/TC_CURA_MakeAppointment_005" status="PASSED">
         <system-out><![CDATA[13-02-2024T22:11:47 - [TEST_CASE][PASSED] - Test Cases/TC_CURA_MakeAppointment_005: Test Cases/TC_CURA_MakeAppointment_005

13-02-2024T22:11:47 - [TEST_STEP][PASSED] - Start listener action : sampleBeforeTestCase: Object: 'Object Repository/CURA_OR/Page_CURA Healthcare Service/button_Login' is clicked on

13-02-2024T22:11:47 - [TEST_STEP][PASSED] - println("Before Test Case -- Logging in"): null

13-02-2024T22:11:47 - [TEST_STEP][PASSED] - click(findTestObject("Object Repository/CURA_OR/Page_CURA Healthcare Service/amenu-toggle")): Object: 'Object Repository/CURA_OR/Page_CURA Healthcare Service/amenu-toggle' is clicked on

13-02-2024T22:11:47 - [MESSAGE][PASSED] - Object: 'Object Repository/CURA_OR/Page_CURA Healthcare Service/amenu-toggle' is clicked on

13-02-2024T22:11:47 - [TEST_STEP][PASSED] - click(findTestObject("Object Repository/CURA_OR/Page_CURA Healthcare Service/a_Login")): Object: 'Object Repository/CURA_OR/Page_CURA Healthcare Service/a_Login' is clicked on

13-02-2024T22:11:48 - [MESSAGE][PASSED] - Object: 'Object Repository/CURA_OR/Page_CURA Healthcare Service/a_Login' is clicked on

13-02-2024T22:11:48 - [TEST_STEP][PASSED] - setText(findTestObject("Object Repository/CURA_OR/Page_CURA Healthcare Service/input_username"), username): Text 'John Doe' is set on object 'Object Repository/CURA_OR/Page_CURA Healthcare Service/input_username'

13-02-2024T22:11:49 - [MESSAGE][PASSED] - Text 'John Doe' is set on object 'Object Repository/CURA_OR/Page_CURA Healthcare Service/input_username'

13-02-2024T22:11:49 - [TEST_STEP][PASSED] - setText(findTestObject("CURA_OR/Page_CURA Healthcare Service/input_password"), password): Text 'ThisIsNotAPassword' is set on object 'Object Repository/CURA_OR/Page_CURA Healthcare Service/input_password'

13-02-2024T22:11:50 - [MESSAGE][PASSED] - Text 'ThisIsNotAPassword' is set on object 'Object Repository/CURA_OR/Page_CURA Healthcare Service/input_password'

13-02-2024T22:11:50 - [TEST_STEP][PASSED] - click(findTestObject("Object Repository/CURA_OR/Page_CURA Healthcare Service/button_Login")): Object: 'Object Repository/CURA_OR/Page_CURA Healthcare Service/button_Login' is clicked on

13-02-2024T22:11:52 - [MESSAGE][PASSED] - Object: 'Object Repository/CURA_OR/Page_CURA Healthcare Service/button_Login' is clicked on

13-02-2024T22:11:52 - [TEST_STEP][PASSED] - click(findTestObject("Object Repository/CURA_OR/Page_CURA Healthcare Service/div_input-group-addon")): Object: 'Object Repository/CURA_OR/Page_CURA Healthcare Service/div_input-group-addon' is clicked on

13-02-2024T22:11:52 - [MESSAGE][PASSED] - Object: 'Object Repository/CURA_OR/Page_CURA Healthcare Service/div_input-group-addon' is clicked on

13-02-2024T22:11:52 - [TEST_STEP][PASSED] - click(findTestObject("Object Repository/CURA_OR/Page_CURA Healthcare Service/th_February 2024")): Object: 'Object Repository/CURA_OR/Page_CURA Healthcare Service/th_February 2024' is clicked on

13-02-2024T22:11:53 - [MESSAGE][PASSED] - Object: 'Object Repository/CURA_OR/Page_CURA Healthcare Service/th_February 2024' is clicked on

13-02-2024T22:11:53 - [TEST_STEP][PASSED] - click(findTestObject("Object Repository/CURA_OR/Page_CURA Healthcare Service/th_2024")): Object: 'Object Repository/CURA_OR/Page_CURA Healthcare Service/th_2024' is clicked on

13-02-2024T22:11:53 - [MESSAGE][PASSED] - Object: 'Object Repository/CURA_OR/Page_CURA Healthcare Service/th_2024' is clicked on

13-02-2024T22:11:53 - [TEST_STEP][PASSED] - com.qa.test.custom_keyword.validateAppointmentDate(date, month, year): com.qa.test.custom_keyword.validateAppointmentDate is PASSED

13-02-2024T22:11:54 - [MESSAGE][PASSED] - Object: 'Object Repository/CURA_OR/Page_CURA Healthcare Service/yearObject' is clicked on

13-02-2024T22:11:54 - [MESSAGE][PASSED] - Object: 'Object Repository/CURA_OR/Page_CURA Healthcare Service/monthObject' is clicked on

13-02-2024T22:11:54 - [MESSAGE][WARNING] - Timeout '0' is invalid. Using default page load timeout: '30'

13-02-2024T22:11:55 - [MESSAGE][PASSED] - Web element with id: 'Object Repository/CURA_OR/Page_CURA Healthcare Service/dateObject' located by 'By.xpath: //*[(text() = '0' or . = '0')]' is not present after '30' second(s)

13-02-2024T22:11:55 - [MESSAGE][PASSED] - com.qa.test.custom_keyword.validateAppointmentDate is PASSED

13-02-2024T22:11:55 - [TEST_STEP][PASSED] - Start listener action : sampleAfterTestCase: Object: 'Object Repository/CURA_OR/Page_CURA Healthcare Service/a_Logout' is clicked on

13-02-2024T22:11:55 - [TEST_STEP][PASSED] - println("After Test Case -- Logging out"): null

13-02-2024T22:11:55 - [TEST_STEP][PASSED] - click(findTestObject("Object Repository/CURA_OR/Page_CURA Healthcare Service/amenu-toggle")): Object: 'Object Repository/CURA_OR/Page_CURA Healthcare Service/amenu-toggle' is clicked on

13-02-2024T22:11:55 - [MESSAGE][PASSED] - Object: 'Object Repository/CURA_OR/Page_CURA Healthcare Service/amenu-toggle' is clicked on

13-02-2024T22:11:55 - [TEST_STEP][PASSED] - click(findTestObject("Object Repository/CURA_OR/Page_CURA Healthcare Service/a_Logout")): Object: 'Object Repository/CURA_OR/Page_CURA Healthcare Service/a_Logout' is clicked on

13-02-2024T22:11:59 - [MESSAGE][PASSED] - Object: 'Object Repository/CURA_OR/Page_CURA Healthcare Service/a_Logout' is clicked on]]></system-out>
         <system-err><![CDATA[]]></system-err>
      </testcase>
      <testcase name="Test Cases/TC_CURA_MakeAppointment_005" time="16.347" classname="Test Cases/TC_CURA_MakeAppointment_005" status="PASSED">
         <system-out><![CDATA[13-02-2024T22:11:59 - [TEST_CASE][PASSED] - Test Cases/TC_CURA_MakeAppointment_005: Test Cases/TC_CURA_MakeAppointment_005

13-02-2024T22:11:59 - [TEST_STEP][PASSED] - Start listener action : sampleBeforeTestCase: Object: 'Object Repository/CURA_OR/Page_CURA Healthcare Service/button_Login' is clicked on

13-02-2024T22:11:59 - [TEST_STEP][PASSED] - println("Before Test Case -- Logging in"): null

13-02-2024T22:11:59 - [TEST_STEP][PASSED] - click(findTestObject("Object Repository/CURA_OR/Page_CURA Healthcare Service/amenu-toggle")): Object: 'Object Repository/CURA_OR/Page_CURA Healthcare Service/amenu-toggle' is clicked on

13-02-2024T22:11:59 - [MESSAGE][PASSED] - Object: 'Object Repository/CURA_OR/Page_CURA Healthcare Service/amenu-toggle' is clicked on

13-02-2024T22:11:59 - [TEST_STEP][PASSED] - click(findTestObject("Object Repository/CURA_OR/Page_CURA Healthcare Service/a_Login")): Object: 'Object Repository/CURA_OR/Page_CURA Healthcare Service/a_Login' is clicked on

13-02-2024T22:12:02 - [MESSAGE][PASSED] - Object: 'Object Repository/CURA_OR/Page_CURA Healthcare Service/a_Login' is clicked on

13-02-2024T22:12:02 - [TEST_STEP][PASSED] - setText(findTestObject("Object Repository/CURA_OR/Page_CURA Healthcare Service/input_username"), username): Text 'John Doe' is set on object 'Object Repository/CURA_OR/Page_CURA Healthcare Service/input_username'

13-02-2024T22:12:03 - [MESSAGE][PASSED] - Text 'John Doe' is set on object 'Object Repository/CURA_OR/Page_CURA Healthcare Service/input_username'

13-02-2024T22:12:03 - [TEST_STEP][PASSED] - setText(findTestObject("CURA_OR/Page_CURA Healthcare Service/input_password"), password): Text 'ThisIsNotAPassword' is set on object 'Object Repository/CURA_OR/Page_CURA Healthcare Service/input_password'

13-02-2024T22:12:04 - [MESSAGE][PASSED] - Text 'ThisIsNotAPassword' is set on object 'Object Repository/CURA_OR/Page_CURA Healthcare Service/input_password'

13-02-2024T22:12:04 - [TEST_STEP][PASSED] - click(findTestObject("Object Repository/CURA_OR/Page_CURA Healthcare Service/button_Login")): Object: 'Object Repository/CURA_OR/Page_CURA Healthcare Service/button_Login' is clicked on

13-02-2024T22:12:06 - [MESSAGE][PASSED] - Object: 'Object Repository/CURA_OR/Page_CURA Healthcare Service/button_Login' is clicked on

13-02-2024T22:12:06 - [TEST_STEP][PASSED] - click(findTestObject("Object Repository/CURA_OR/Page_CURA Healthcare Service/div_input-group-addon")): Object: 'Object Repository/CURA_OR/Page_CURA Healthcare Service/div_input-group-addon' is clicked on

13-02-2024T22:12:06 - [MESSAGE][PASSED] - Object: 'Object Repository/CURA_OR/Page_CURA Healthcare Service/div_input-group-addon' is clicked on

13-02-2024T22:12:06 - [TEST_STEP][PASSED] - click(findTestObject("Object Repository/CURA_OR/Page_CURA Healthcare Service/th_February 2024")): Object: 'Object Repository/CURA_OR/Page_CURA Healthcare Service/th_February 2024' is clicked on

13-02-2024T22:12:07 - [MESSAGE][PASSED] - Object: 'Object Repository/CURA_OR/Page_CURA Healthcare Service/th_February 2024' is clicked on

13-02-2024T22:12:07 - [TEST_STEP][PASSED] - click(findTestObject("Object Repository/CURA_OR/Page_CURA Healthcare Service/th_2024")): Object: 'Object Repository/CURA_OR/Page_CURA Healthcare Service/th_2024' is clicked on

13-02-2024T22:12:07 - [MESSAGE][PASSED] - Object: 'Object Repository/CURA_OR/Page_CURA Healthcare Service/th_2024' is clicked on

13-02-2024T22:12:07 - [TEST_STEP][PASSED] - com.qa.test.custom_keyword.validateAppointmentDate(date, month, year): com.qa.test.custom_keyword.validateAppointmentDate is PASSED

13-02-2024T22:12:07 - [MESSAGE][WARNING] - Timeout '0' is invalid. Using default page load timeout: '30'

13-02-2024T22:12:08 - [MESSAGE][PASSED] - Object 'Object Repository/CURA_OR/Page_CURA Healthcare Service/yearObject' is present

13-02-2024T22:12:08 - [MESSAGE][PASSED] - Object: 'Object Repository/CURA_OR/Page_CURA Healthcare Service/yearObject' is clicked on

13-02-2024T22:12:08 - [MESSAGE][WARNING] - Timeout '0' is invalid. Using default page load timeout: '30'

13-02-2024T22:12:08 - [MESSAGE][PASSED] - Object 'Object Repository/CURA_OR/Page_CURA Healthcare Service/monthObject' is present

13-02-2024T22:12:09 - [MESSAGE][PASSED] - Object: 'Object Repository/CURA_OR/Page_CURA Healthcare Service/monthObject' is clicked on

13-02-2024T22:12:09 - [MESSAGE][WARNING] - Timeout '0' is invalid. Using default page load timeout: '30'

13-02-2024T22:12:09 - [MESSAGE][PASSED] - Object 'Object Repository/CURA_OR/Page_CURA Healthcare Service/dateObject' is present

13-02-2024T22:12:10 - [MESSAGE][PASSED] - Object: 'Object Repository/CURA_OR/Page_CURA Healthcare Service/dateObject' is clicked on

13-02-2024T22:12:11 - [MESSAGE][PASSED] - Object: 'Object Repository/CURA_OR/Page_CURA Healthcare Service/button_Book Appointment' is clicked on

13-02-2024T22:12:11 - [MESSAGE][WARNING] - Timeout '0' is invalid. Using default page load timeout: '30'

13-02-2024T22:12:12 - [MESSAGE][PASSED] - Object 'Object Repository/CURA_OR/Page_CURA Healthcare Service/h2_Appointment Confirmation' is present

13-02-2024T22:12:12 - [MESSAGE][PASSED] - Actual text and expected text of test object 'Object Repository/CURA_OR/Page_CURA Healthcare Service/p_20022024' are matched.

13-02-2024T22:12:12 - [MESSAGE][PASSED] - com.qa.test.custom_keyword.validateAppointmentDate is PASSED

13-02-2024T22:12:12 - [TEST_STEP][PASSED] - Start listener action : sampleAfterTestCase: Object: 'Object Repository/CURA_OR/Page_CURA Healthcare Service/a_Logout' is clicked on

13-02-2024T22:12:12 - [TEST_STEP][PASSED] - println("After Test Case -- Logging out"): null

13-02-2024T22:12:12 - [TEST_STEP][PASSED] - click(findTestObject("Object Repository/CURA_OR/Page_CURA Healthcare Service/amenu-toggle")): Object: 'Object Repository/CURA_OR/Page_CURA Healthcare Service/amenu-toggle' is clicked on

13-02-2024T22:12:13 - [MESSAGE][PASSED] - Object: 'Object Repository/CURA_OR/Page_CURA Healthcare Service/amenu-toggle' is clicked on

13-02-2024T22:12:13 - [TEST_STEP][PASSED] - click(findTestObject("Object Repository/CURA_OR/Page_CURA Healthcare Service/a_Logout")): Object: 'Object Repository/CURA_OR/Page_CURA Healthcare Service/a_Logout' is clicked on

13-02-2024T22:12:15 - [MESSAGE][PASSED] - Object: 'Object Repository/CURA_OR/Page_CURA Healthcare Service/a_Logout' is clicked on]]></system-out>
         <system-err><![CDATA[]]></system-err>
      </testcase>
      <testcase name="Test Cases/TC_CURA_MakeAppointment_005" time="14.078" classname="Test Cases/TC_CURA_MakeAppointment_005" status="PASSED">
         <system-out><![CDATA[13-02-2024T22:12:15 - [TEST_CASE][PASSED] - Test Cases/TC_CURA_MakeAppointment_005: Test Cases/TC_CURA_MakeAppointment_005

13-02-2024T22:12:15 - [TEST_STEP][PASSED] - Start listener action : sampleBeforeTestCase: Object: 'Object Repository/CURA_OR/Page_CURA Healthcare Service/button_Login' is clicked on

13-02-2024T22:12:15 - [TEST_STEP][PASSED] - println("Before Test Case -- Logging in"): null

13-02-2024T22:12:15 - [TEST_STEP][PASSED] - click(findTestObject("Object Repository/CURA_OR/Page_CURA Healthcare Service/amenu-toggle")): Object: 'Object Repository/CURA_OR/Page_CURA Healthcare Service/amenu-toggle' is clicked on

13-02-2024T22:12:16 - [MESSAGE][PASSED] - Object: 'Object Repository/CURA_OR/Page_CURA Healthcare Service/amenu-toggle' is clicked on

13-02-2024T22:12:16 - [TEST_STEP][PASSED] - click(findTestObject("Object Repository/CURA_OR/Page_CURA Healthcare Service/a_Login")): Object: 'Object Repository/CURA_OR/Page_CURA Healthcare Service/a_Login' is clicked on

13-02-2024T22:12:17 - [MESSAGE][PASSED] - Object: 'Object Repository/CURA_OR/Page_CURA Healthcare Service/a_Login' is clicked on

13-02-2024T22:12:17 - [TEST_STEP][PASSED] - setText(findTestObject("Object Repository/CURA_OR/Page_CURA Healthcare Service/input_username"), username): Text 'John Doe' is set on object 'Object Repository/CURA_OR/Page_CURA Healthcare Service/input_username'

13-02-2024T22:12:18 - [MESSAGE][PASSED] - Text 'John Doe' is set on object 'Object Repository/CURA_OR/Page_CURA Healthcare Service/input_username'

13-02-2024T22:12:18 - [TEST_STEP][PASSED] - setText(findTestObject("CURA_OR/Page_CURA Healthcare Service/input_password"), password): Text 'ThisIsNotAPassword' is set on object 'Object Repository/CURA_OR/Page_CURA Healthcare Service/input_password'

13-02-2024T22:12:19 - [MESSAGE][PASSED] - Text 'ThisIsNotAPassword' is set on object 'Object Repository/CURA_OR/Page_CURA Healthcare Service/input_password'

13-02-2024T22:12:19 - [TEST_STEP][PASSED] - click(findTestObject("Object Repository/CURA_OR/Page_CURA Healthcare Service/button_Login")): Object: 'Object Repository/CURA_OR/Page_CURA Healthcare Service/button_Login' is clicked on

13-02-2024T22:12:21 - [MESSAGE][PASSED] - Object: 'Object Repository/CURA_OR/Page_CURA Healthcare Service/button_Login' is clicked on

13-02-2024T22:12:21 - [TEST_STEP][PASSED] - click(findTestObject("Object Repository/CURA_OR/Page_CURA Healthcare Service/div_input-group-addon")): Object: 'Object Repository/CURA_OR/Page_CURA Healthcare Service/div_input-group-addon' is clicked on

13-02-2024T22:12:21 - [MESSAGE][PASSED] - Object: 'Object Repository/CURA_OR/Page_CURA Healthcare Service/div_input-group-addon' is clicked on

13-02-2024T22:12:21 - [TEST_STEP][PASSED] - click(findTestObject("Object Repository/CURA_OR/Page_CURA Healthcare Service/th_February 2024")): Object: 'Object Repository/CURA_OR/Page_CURA Healthcare Service/th_February 2024' is clicked on

13-02-2024T22:12:22 - [MESSAGE][PASSED] - Object: 'Object Repository/CURA_OR/Page_CURA Healthcare Service/th_February 2024' is clicked on

13-02-2024T22:12:22 - [TEST_STEP][PASSED] - click(findTestObject("Object Repository/CURA_OR/Page_CURA Healthcare Service/th_2024")): Object: 'Object Repository/CURA_OR/Page_CURA Healthcare Service/th_2024' is clicked on

13-02-2024T22:12:22 - [MESSAGE][PASSED] - Object: 'Object Repository/CURA_OR/Page_CURA Healthcare Service/th_2024' is clicked on

13-02-2024T22:12:22 - [TEST_STEP][PASSED] - com.qa.test.custom_keyword.validateAppointmentDate(date, month, year): com.qa.test.custom_keyword.validateAppointmentDate is PASSED

13-02-2024T22:12:22 - [MESSAGE][WARNING] - Timeout '0' is invalid. Using default page load timeout: '30'

13-02-2024T22:12:23 - [MESSAGE][PASSED] - Object 'Object Repository/CURA_OR/Page_CURA Healthcare Service/yearObject' is present

13-02-2024T22:12:23 - [MESSAGE][PASSED] - Object: 'Object Repository/CURA_OR/Page_CURA Healthcare Service/yearObject' is clicked on

13-02-2024T22:12:23 - [MESSAGE][WARNING] - Timeout '0' is invalid. Using default page load timeout: '30'

[...]

13-02-2024T22:19:37 - [MESSAGE][PASSED] - Object: 'Object Repository/CURA_OR/Page_CURA Healthcare Service/div_input-group-addon' is clicked on

13-02-2024T22:19:37 - [TEST_STEP][PASSED] - click(findTestObject("Object Repository/CURA_OR/Page_CURA Healthcare Service/th_February 2024")): Object: 'Object Repository/CURA_OR/Page_CURA Healthcare Service/th_February 2024' is clicked on

13-02-2024T22:19:37 - [MESSAGE][PASSED] - Object: 'Object Repository/CURA_OR/Page_CURA Healthcare Service/th_February 2024' is clicked on

13-02-2024T22:19:37 - [TEST_STEP][PASSED] - click(findTestObject("Object Repository/CURA_OR/Page_CURA Healthcare Service/th_2024")): Object: 'Object Repository/CURA_OR/Page_CURA Healthcare Service/th_2024' is clicked on

13-02-2024T22:19:38 - [MESSAGE][PASSED] - Object: 'Object Repository/CURA_OR/Page_CURA Healthcare Service/th_2024' is clicked on

13-02-2024T22:19:38 - [TEST_STEP][PASSED] - com.qa.test.custom_keyword.validateAppointmentDate(date, month, year): com.qa.test.custom_keyword.validateAppointmentDate is PASSED

13-02-2024T22:19:38 - [MESSAGE][PASSED] - Object: 'Object Repository/CURA_OR/Page_CURA Healthcare Service/yearObject' is clicked on

13-02-2024T22:19:39 - [MESSAGE][PASSED] - Object: 'Object Repository/CURA_OR/Page_CURA Healthcare Service/monthObject' is clicked on

13-02-2024T22:19:39 - [MESSAGE][WARNING] - Timeout '0' is invalid. Using default page load timeout: '30'

13-02-2024T22:19:39 - [MESSAGE][PASSED] - Web element with id: 'Object Repository/CURA_OR/Page_CURA Healthcare Service/dateObject' located by 'By.xpath: //*[(text() = '32' or . = '32')]' is not present after '30' second(s)

13-02-2024T22:19:39 - [MESSAGE][PASSED] - com.qa.test.custom_keyword.validateAppointmentDate is PASSED

13-02-2024T22:19:39 - [TEST_STEP][PASSED] - Start listener action : sampleAfterTestCase: Object: 'Object Repository/CURA_OR/Page_CURA Healthcare Service/a_Logout' is clicked on

13-02-2024T22:19:39 - [TEST_STEP][PASSED] - println("After Test Case -- Logging out"): null

13-02-2024T22:19:39 - [TEST_STEP][PASSED] - click(findTestObject("Object Repository/CURA_OR/Page_CURA Healthcare Service/amenu-toggle")): Object: 'Object Repository/CURA_OR/Page_CURA Healthcare Service/amenu-toggle' is clicked on

13-02-2024T22:19:39 - [MESSAGE][PASSED] - Object: 'Object Repository/CURA_OR/Page_CURA Healthcare Service/amenu-toggle' is clicked on

13-02-2024T22:19:39 - [TEST_STEP][PASSED] - click(findTestObject("Object Repository/CURA_OR/Page_CURA Healthcare Service/a_Logout")): Object: 'Object Repository/CURA_OR/Page_CURA Healthcare Service/a_Logout' is clicked on

13-02-2024T22:19:41 - [MESSAGE][PASSED] - Object: 'Object Repository/CURA_OR/Page_CURA Healthcare Service/a_Logout' is clicked on]]></system-out>
         <system-err><![CDATA[]]></system-err>
      </testcase>
      <testcase name="Test Cases/TC_CURA_MakeAppointment_005" time="9.805" classname="Test Cases/TC_CURA_MakeAppointment_005" status="PASSED">
         <system-out><![CDATA[13-02-2024T22:19:41 - [TEST_CASE][PASSED] - Test Cases/TC_CURA_MakeAppointment_005: Test Cases/TC_CURA_MakeAppointment_005

13-02-2024T22:19:41 - [TEST_STEP][PASSED] - Start listener action : sampleBeforeTestCase: Object: 'Object Repository/CURA_OR/Page_CURA Healthcare Service/button_Login' is clicked on

13-02-2024T22:19:41 - [TEST_STEP][PASSED] - println("Before Test Case -- Logging in"): null

13-02-2024T22:19:41 - [TEST_STEP][PASSED] - click(findTestObject("Object Repository/CURA_OR/Page_CURA Healthcare Service/amenu-toggle")): Object: 'Object Repository/CURA_OR/Page_CURA Healthcare Service/amenu-toggle' is clicked on

13-02-2024T22:19:41 - [MESSAGE][PASSED] - Object: 'Object Repository/CURA_OR/Page_CURA Healthcare Service/amenu-toggle' is clicked on

13-02-2024T22:19:41 - [TEST_STEP][PASSED] - click(findTestObject("Object Repository/CURA_OR/Page_CURA Healthcare Service/a_Login")): Object: 'Object Repository/CURA_OR/Page_CURA Healthcare Service/a_Login' is clicked on

13-02-2024T22:19:42 - [MESSAGE][PASSED] - Object: 'Object Repository/CURA_OR/Page_CURA Healthcare Service/a_Login' is clicked on

13-02-2024T22:19:42 - [TEST_STEP][PASSED] - setText(findTestObject("Object Repository/CURA_OR/Page_CURA Healthcare Service/input_username"), username): Text 'John Doe' is set on object 'Object Repository/CURA_OR/Page_CURA Healthcare Service/input_username'

13-02-2024T22:19:43 - [MESSAGE][PASSED] - Text 'John Doe' is set on object 'Object Repository/CURA_OR/Page_CURA Healthcare Service/input_username'

13-02-2024T22:19:43 - [TEST_STEP][PASSED] - setText(findTestObject("CURA_OR/Page_CURA Healthcare Service/input_password"), password): Text 'ThisIsNotAPassword' is set on object 'Object Repository/CURA_OR/Page_CURA Healthcare Service/input_password'

13-02-2024T22:19:44 - [MESSAGE][PASSED] - Text 'ThisIsNotAPassword' is set on object 'Object Repository/CURA_OR/Page_CURA Healthcare Service/input_password'

13-02-2024T22:19:44 - [TEST_STEP][PASSED] - click(findTestObject("Object Repository/CURA_OR/Page_CURA Healthcare Service/button_Login")): Object: 'Object Repository/CURA_OR/Page_CURA Healthcare Service/button_Login' is clicked on

13-02-2024T22:19:45 - [MESSAGE][PASSED] - Object: 'Object Repository/CURA_OR/Page_CURA Healthcare Service/button_Login' is clicked on

13-02-2024T22:19:45 - [TEST_STEP][PASSED] - click(findTestObject("Object Repository/CURA_OR/Page_CURA Healthcare Service/div_input-group-addon")): Object: 'Object Repository/CURA_OR/Page_CURA Healthcare Service/div_input-group-addon' is clicked on

13-02-2024T22:19:46 - [MESSAGE][PASSED] - Object: 'Object Repository/CURA_OR/Page_CURA Healthcare Service/div_input-group-addon' is clicked on

13-02-2024T22:19:46 - [TEST_STEP][PASSED] - click(findTestObject("Object Repository/CURA_OR/Page_CURA Healthcare Service/th_February 2024")): Object: 'Object Repository/CURA_OR/Page_CURA Healthcare Service/th_February 2024' is clicked on

13-02-2024T22:19:46 - [MESSAGE][PASSED] - Object: 'Object Repository/CURA_OR/Page_CURA Healthcare Service/th_February 2024' is clicked on

13-02-2024T22:19:46 - [TEST_STEP][PASSED] - click(findTestObject("Object Repository/CURA_OR/Page_CURA Healthcare Service/th_2024")): Object: 'Object Repository/CURA_OR/Page_CURA Healthcare Service/th_2024' is clicked on

13-02-2024T22:19:47 - [MESSAGE][PASSED] - Object: 'Object Repository/CURA_OR/Page_CURA Healthcare Service/th_2024' is clicked on

13-02-2024T22:19:47 - [TEST_STEP][PASSED] - com.qa.test.custom_keyword.validateAppointmentDate(date, month, year): com.qa.test.custom_keyword.validateAppointmentDate is PASSED

13-02-2024T22:19:47 - [MESSAGE][PASSED] - Object: 'Object Repository/CURA_OR/Page_CURA Healthcare Service/yearObject' is clicked on

13-02-2024T22:19:48 - [MESSAGE][PASSED] - Object: 'Object Repository/CURA_OR/Page_CURA Healthcare Service/monthObject' is clicked on

13-02-2024T22:19:48 - [MESSAGE][WARNING] - Timeout '0' is invalid. Using default page load timeout: '30'

13-02-2024T22:19:48 - [MESSAGE][PASSED] - Web element with id: 'Object Repository/CURA_OR/Page_CURA Healthcare Service/dateObject' located by 'By.xpath: //*[(text() = '32' or . = '32')]' is not present after '30' second(s)

13-02-2024T22:19:48 - [MESSAGE][PASSED] - com.qa.test.custom_keyword.validateAppointmentDate is PASSED

13-02-2024T22:19:48 - [TEST_STEP][PASSED] - Start listener action : sampleAfterTestCase: Object: 'Object Repository/CURA_OR/Page_CURA Healthcare Service/a_Logout' is clicked on

13-02-2024T22:19:48 - [TEST_STEP][PASSED] - println("After Test Case -- Logging out"): null

13-02-2024T22:19:48 - [TEST_STEP][PASSED] - click(findTestObject("Object Repository/CURA_OR/Page_CURA Healthcare Service/amenu-toggle")): Object: 'Object Repository/CURA_OR/Page_CURA Healthcare Service/amenu-toggle' is clicked on

13-02-2024T22:19:49 - [MESSAGE][PASSED] - Object: 'Object Repository/CURA_OR/Page_CURA Healthcare Service/amenu-toggle' is clicked on

13-02-2024T22:19:49 - [TEST_STEP][PASSED] - click(findTestObject("Object Repository/CURA_OR/Page_CURA Healthcare Service/a_Logout")): Object: 'Object Repository/CURA_OR/Page_CURA Healthcare Service/a_Logout' is clicked on

13-02-2024T22:19:51 - [MESSAGE][PASSED] - Object: 'Object Repository/CURA_OR/Page_CURA Healthcare Service/a_Logout' is clicked on]]></system-out>
         <system-err><![CDATA[]]></system-err>
      </testcase>
      <testcase name="Test Cases/TC_CURA_MakeAppointment_005" time="10.465" classname="Test Cases/TC_CURA_MakeAppointment_005" status="PASSED">
         <system-out><![CDATA[13-02-2024T22:19:51 - [TEST_CASE][PASSED] - Test Cases/TC_CURA_MakeAppointment_005: Test Cases/TC_CURA_MakeAppointment_005

13-02-2024T22:19:51 - [TEST_STEP][PASSED] - Start listener action : sampleBeforeTestCase: Object: 'Object Repository/CURA_OR/Page_CURA Healthcare Service/button_Login' is clicked on

13-02-2024T22:19:51 - [TEST_STEP][PASSED] - println("Before Test Case -- Logging in"): null

13-02-2024T22:19:51 - [TEST_STEP][PASSED] - click(findTestObject("Object Repository/CURA_OR/Page_CURA Healthcare Service/amenu-toggle")): Object: 'Object Repository/CURA_OR/Page_CURA Healthcare Service/amenu-toggle' is clicked on

13-02-2024T22:19:51 - [MESSAGE][PASSED] - Object: 'Object Repository/CURA_OR/Page_CURA Healthcare Service/amenu-toggle' is clicked on

13-02-2024T22:19:51 - [TEST_STEP][PASSED] - click(findTestObject("Object Repository/CURA_OR/Page_CURA Healthcare Service/a_Login")): Object: 'Object Repository/CURA_OR/Page_CURA Healthcare Service/a_Login' is clicked on

13-02-2024T22:19:52 - [MESSAGE][PASSED] - Object: 'Object Repository/CURA_OR/Page_CURA Healthcare Service/a_Login' is clicked on

13-02-2024T22:19:52 - [TEST_STEP][PASSED] - setText(findTestObject("Object Repository/CURA_OR/Page_CURA Healthcare Service/input_username"), username): Text 'John Doe' is set on object 'Object Repository/CURA_OR/Page_CURA Healthcare Service/input_username'

13-02-2024T22:19:53 - [MESSAGE][PASSED] - Text 'John Doe' is set on object 'Object Repository/CURA_OR/Page_CURA Healthcare Service/input_username'

13-02-2024T22:19:53 - [TEST_STEP][PASSED] - setText(findTestObject("CURA_OR/Page_CURA Healthcare Service/input_password"), password): Text 'ThisIsNotAPassword' is set on object 'Object Repository/CURA_OR/Page_CURA Healthcare Service/input_password'

13-02-2024T22:19:54 - [MESSAGE][PASSED] - Text 'ThisIsNotAPassword' is set on object 'Object Repository/CURA_OR/Page_CURA Healthcare Service/input_password'

13-02-2024T22:19:54 - [TEST_STEP][PASSED] - click(findTestObject("Object Repository/CURA_OR/Page_CURA Healthcare Service/button_Login")): Object: 'Object Repository/CURA_OR/Page_CURA Healthcare Service/button_Login' is clicked on

13-02-2024T22:19:55 - [MESSAGE][PASSED] - Object: 'Object Repository/CURA_OR/Page_CURA Healthcare Service/button_Login' is clicked on

13-02-2024T22:19:55 - [TEST_STEP][PASSED] - click(findTestObject("Object Repository/CURA_OR/Page_CURA Healthcare Service/div_input-group-addon")): Object: 'Object Repository/CURA_OR/Page_CURA Healthcare Service/div_input-group-addon' is clicked on

13-02-2024T22:19:56 - [MESSAGE][PASSED] - Object: 'Object Repository/CURA_OR/Page_CURA Healthcare Service/div_input-group-addon' is clicked on

13-02-2024T22:19:56 - [TEST_STEP][PASSED] - click(findTestObject("Object Repository/CURA_OR/Page_CURA Healthcare Service/th_February 2024")): Object: 'Object Repository/CURA_OR/Page_CURA Healthcare Service/th_February 2024' is clicked on

13-02-2024T22:19:56 - [MESSAGE][PASSED] - Object: 'Object Repository/CURA_OR/Page_CURA Healthcare Service/th_February 2024' is clicked on

13-02-2024T22:19:56 - [TEST_STEP][PASSED] - click(findTestObject("Object Repository/CURA_OR/Page_CURA Healthcare Service/th_2024")): Object: 'Object Repository/CURA_OR/Page_CURA Healthcare Service/th_2024' is clicked on

13-02-2024T22:19:57 - [MESSAGE][PASSED] - Object: 'Object Repository/CURA_OR/Page_CURA Healthcare Service/th_2024' is clicked on

13-02-2024T22:19:57 - [TEST_STEP][PASSED] - com.qa.test.custom_keyword.validateAppointmentDate(date, month, year): com.qa.test.custom_keyword.validateAppointmentDate is PASSED

13-02-2024T22:19:57 - [MESSAGE][PASSED] - Object: 'Object Repository/CURA_OR/Page_CURA Healthcare Service/yearObject' is clicked on

13-02-2024T22:19:58 - [MESSAGE][PASSED] - Object: 'Object Repository/CURA_OR/Page_CURA Healthcare Service/monthObject' is clicked on

13-02-2024T22:19:58 - [MESSAGE][WARNING] - Timeout '0' is invalid. Using default page load timeout: '30'

13-02-2024T22:19:58 - [MESSAGE][PASSED] - Web element with id: 'Object Repository/CURA_OR/Page_CURA Healthcare Service/dateObject' located by 'By.xpath: //*[(text() = '32' or . = '32')]' is not present after '30' second(s)

13-02-2024T22:19:58 - [MESSAGE][PASSED] - com.qa.test.custom_keyword.validateAppointmentDate is PASSED

13-02-2024T22:19:58 - [TEST_STEP][PASSED] - Start listener action : sampleAfterTestCase: Object: 'Object Repository/CURA_OR/Page_CURA Healthcare Service/a_Logout' is clicked on

13-02-2024T22:19:58 - [TEST_STEP][PASSED] - println("After Test Case -- Logging out"): null

13-02-2024T22:19:58 - [TEST_STEP][PASSED] - click(findTestObject("Object Repository/CURA_OR/Page_CURA Healthcare Service/amenu-toggle")): Object: 'Object Repository/CURA_OR/Page_CURA Healthcare Service/amenu-toggle' is clicked on

13-02-2024T22:19:59 - [MESSAGE][PASSED] - Object: 'Object Repository/CURA_OR/Page_CURA Healthcare Service/amenu-toggle' is clicked on

13-02-2024T22:19:59 - [TEST_STEP][PASSED] - click(findTestObject("Object Repository/CURA_OR/Page_CURA Healthcare Service/a_Logout")): Object: 'Object Repository/CURA_OR/Page_CURA Healthcare Service/a_Logout' is clicked on

13-02-2024T22:20:01 - [MESSAGE][PASSED] - Object: 'Object Repository/CURA_OR/Page_CURA Healthcare Service/a_Logout' is clicked on]]></system-out>
         <system-err><![CDATA[]]></system-err>
      </testcase>
      <testcase name="Test Cases/TC_CURA_MakeAppointment_005" time="11.418" classname="Test Cases/TC_CURA_MakeAppointment_005" status="PASSED">
         <system-out><![CDATA[13-02-2024T22:20:01 - [TEST_CASE][PASSED] - Test Cases/TC_CURA_MakeAppointment_005: Test Cases/TC_CURA_MakeAppointment_005

13-02-2024T22:20:01 - [TEST_STEP][PASSED] - Start listener action : sampleBeforeTestCase: Object: 'Object Repository/CURA_OR/Page_CURA Healthcare Service/button_Login' is clicked on

13-02-2024T22:20:01 - [TEST_STEP][PASSED] - println("Before Test Case -- Logging in"): null

13-02-2024T22:20:01 - [TEST_STEP][PASSED] - click(findTestObject("Object Repository/CURA_OR/Page_CURA Healthcare Service/amenu-toggle")): Object: 'Object Repository/CURA_OR/Page_CURA Healthcare Service/amenu-toggle' is clicked on

13-02-2024T22:20:02 - [MESSAGE][PASSED] - Object: 'Object Repository/CURA_OR/Page_CURA Healthcare Service/amenu-toggle' is clicked on

13-02-2024T22:20:02 - [TEST_STEP][PASSED] - click(findTestObject("Object Repository/CURA_OR/Page_CURA Healthcare Service/a_Login")): Object: 'Object Repository/CURA_OR/Page_CURA Healthcare Service/a_Login' is clicked on

13-02-2024T22:20:04 - [MESSAGE][PASSED] - Object: 'Object Repository/CURA_OR/Page_CURA Healthcare Service/a_Login' is clicked on

13-02-2024T22:20:04 - [TEST_STEP][PASSED] - setText(findTestObject("Object Repository/CURA_OR/Page_CURA Healthcare Service/input_username"), username): Text 'John Doe' is set on object 'Object Repository/CURA_OR/Page_CURA Healthcare Service/input_username'

13-02-2024T22:20:05 - [MESSAGE][PASSED] - Text 'John Doe' is set on object 'Object Repository/CURA_OR/Page_CURA Healthcare Service/input_username'

13-02-2024T22:20:05 - [TEST_STEP][PASSED] - setText(findTestObject("CURA_OR/Page_CURA Healthcare Service/input_password"), password): Text 'ThisIsNotAPassword' is set on object 'Object Repository/CURA_OR/Page_CURA Healthcare Service/input_password'

13-02-2024T22:20:06 - [MESSAGE][PASSED] - Text 'ThisIsNotAPassword' is set on object 'Object Repository/CURA_OR/Page_CURA Healthcare Service/input_password'

13-02-2024T22:20:06 - [TEST_STEP][PASSED] - click(findTestObject("Object Repository/CURA_OR/Page_CURA Healthcare Service/button_Login")): Object: 'Object Repository/CURA_OR/Page_CURA Healthcare Service/button_Login' is clicked on

13-02-2024T22:20:08 - [MESSAGE][PASSED] - Object: 'Object Repository/CURA_OR/Page_CURA Healthcare Service/button_Login' is clicked on

13-02-2024T22:20:08 - [TEST_STEP][PASSED] - click(findTestObject("Object Repository/CURA_OR/Page_CURA Healthcare Service/div_input-group-addon")): Object: 'Object Repository/CURA_OR/Page_CURA Healthcare Service/div_input-group-addon' is clicked on

13-02-2024T22:20:08 - [MESSAGE][PASSED] - Object: 'Object Repository/CURA_OR/Page_CURA Healthcare Service/div_input-group-addon' is clicked on

13-02-2024T22:20:08 - [TEST_STEP][PASSED] - click(findTestObject("Object Repository/CURA_OR/Page_CURA Healthcare Service/th_February 2024")): Object: 'Object Repository/CURA_OR/Page_CURA Healthcare Service/th_February 2024' is clicked on

13-02-2024T22:20:09 - [MESSAGE][PASSED] - Object: 'Object Repository/CURA_OR/Page_CURA Healthcare Service/th_February 2024' is clicked on

13-02-2024T22:20:09 - [TEST_STEP][PASSED] - click(findTestObject("Object Repository/CURA_OR/Page_CURA Healthcare Service/th_2024")): Object: 'Object Repository/CURA_OR/Page_CURA Healthcare Service/th_2024' is clicked on

13-02-2024T22:20:09 - [MESSAGE][PASSED] - Object: 'Object Repository/CURA_OR/Page_CURA Healthcare Service/th_2024' is clicked on

13-02-2024T22:20:09 - [TEST_STEP][PASSED] - com.qa.test.custom_keyword.validateAppointmentDate(date, month, year): com.qa.test.custom_keyword.validateAppointmentDate is PASSED

13-02-2024T22:20:10 - [MESSAGE][PASSED] - Object: 'Object Repository/CURA_OR/Page_CURA Healthcare Service/yearObject' is clicked on

13-02-2024T22:20:10 - [MESSAGE][PASSED] - Object: 'Object Repository/CURA_OR/Page_CURA Healthcare Service/monthObject' is clicked on

13-02-2024T22:20:11 - [MESSAGE][WARNING] - Timeout '0' is invalid. Using default page load timeout: '30'

13-02-2024T22:20:11 - [MESSAGE][PASSED] - Web element with id: 'Object Repository/CURA_OR/Page_CURA Healthcare Service/dateObject' located by 'By.xpath: //*[(text() = '32' or . = '32')]' is not present after '30' second(s)

13-02-2024T22:20:11 - [MESSAGE][PASSED] - com.qa.test.custom_keyword.validateAppointmentDate is PASSED

13-02-2024T22:20:11 - [TEST_STEP][PASSED] - Start listener action : sampleAfterTestCase: Object: 'Object Repository/CURA_OR/Page_CURA Healthcare Service/a_Logout' is clicked on

13-02-2024T22:20:11 - [TEST_STEP][PASSED] - println("After Test Case -- Logging out"): null

13-02-2024T22:20:11 - [TEST_STEP][PASSED] - click(findTestObject("Object Repository/CURA_OR/Page_CURA Healthcare Service/amenu-toggle")): Object: 'Object Repository/CURA_OR/Page_CURA Healthcare Service/amenu-toggle' is clicked on

13-02-2024T22:20:11 - [MESSAGE][PASSED] - Object: 'Object Repository/CURA_OR/Page_CURA Healthcare Service/amenu-toggle' is clicked on

13-02-2024T22:20:11 - [TEST_STEP][PASSED] - click(findTestObject("Object Repository/CURA_OR/Page_CURA Healthcare Service/a_Logout")): Object: 'Object Repository/CURA_OR/Page_CURA Healthcare Service/a_Logout' is clicked on

13-02-2024T22:20:13 - [MESSAGE][PASSED] - Object: 'Object Repository/CURA_OR/Page_CURA Healthcare Service/a_Logout' is clicked on]]></system-out>
         <system-err><![CDATA[]]></system-err>
      </testcase>
      <system-out><![CDATA[13-02-2024T22:09:33 - [TEST_SUITE][PASSED] - TestSuite_CURA_MakeAppointment_005: Test Cases/TC_CURA_MakeAppointment_005]]></system-out>
      <system-err><![CDATA[]]></system-err>
   </testsuite>
</testsuites>
